[2021-11-01 03:39:04,489] {taskinstance.py:1035} INFO - Dependencies all met for <TaskInstance: my_dag.showresults manual__2021-11-01T03:38:57.806843+00:00 [queued]>
[2021-11-01 03:39:04,499] {taskinstance.py:1035} INFO - Dependencies all met for <TaskInstance: my_dag.showresults manual__2021-11-01T03:38:57.806843+00:00 [queued]>
[2021-11-01 03:39:04,499] {taskinstance.py:1241} INFO - 
--------------------------------------------------------------------------------
[2021-11-01 03:39:04,499] {taskinstance.py:1242} INFO - Starting attempt 1 of 1
[2021-11-01 03:39:04,499] {taskinstance.py:1243} INFO - 
--------------------------------------------------------------------------------
[2021-11-01 03:39:04,511] {taskinstance.py:1262} INFO - Executing <Task(PostgresOperator): showresults> on 2021-11-01 03:38:57.806843+00:00
[2021-11-01 03:39:04,516] {standard_task_runner.py:52} INFO - Started process 519 to run task
[2021-11-01 03:39:04,518] {standard_task_runner.py:76} INFO - Running: ['***', 'tasks', 'run', 'my_dag', 'showresults', 'manual__2021-11-01T03:38:57.806843+00:00', '--job-id', '143', '--raw', '--subdir', 'DAGS_FOLDER/checkModel.py', '--cfg-path', '/tmp/tmpq97k04jq', '--error-file', '/tmp/tmpfwnqo_jv']
[2021-11-01 03:39:04,519] {standard_task_runner.py:77} INFO - Job 143: Subtask showresults
[2021-11-01 03:39:04,549] {logging_mixin.py:109} INFO - Running <TaskInstance: my_dag.showresults manual__2021-11-01T03:38:57.806843+00:00 [running]> on host e4a42aadf2ec
[2021-11-01 03:39:04,588] {taskinstance.py:1429} INFO - Exporting the following env vars:
AIRFLOW_CTX_DAG_OWNER=***
AIRFLOW_CTX_DAG_ID=my_dag
AIRFLOW_CTX_TASK_ID=showresults
AIRFLOW_CTX_EXECUTION_DATE=2021-11-01T03:38:57.806843+00:00
AIRFLOW_CTX_DAG_RUN_ID=manual__2021-11-01T03:38:57.806843+00:00
[2021-11-01 03:39:04,595] {base.py:79} INFO - Using connection to: id: postgres_default. Host: 172.23.0.3, Port: 5432, Schema: ***, Login: ***, Password: ***, extra: {}
[2021-11-01 03:39:04,598] {dbapi.py:225} INFO - Running statement: select * from results limit 10;, parameters: None
[2021-11-01 03:39:04,599] {dbapi.py:233} INFO - Rows affected: 10
[2021-11-01 03:39:04,608] {taskinstance.py:1280} INFO - Marking task as SUCCESS. dag_id=my_dag, task_id=showresults, execution_date=20211101T033857, start_date=20211101T033904, end_date=20211101T033904
[2021-11-01 03:39:04,650] {local_task_job.py:154} INFO - Task exited with return code 0
[2021-11-01 03:39:04,707] {local_task_job.py:264} INFO - 0 downstream tasks scheduled from follow-on schedule check
