[2021-11-01 03:19:51,708] {taskinstance.py:1035} INFO - Dependencies all met for <TaskInstance: my_dag.createTable manual__2021-11-01T03:19:49.507915+00:00 [queued]>
[2021-11-01 03:19:51,718] {taskinstance.py:1035} INFO - Dependencies all met for <TaskInstance: my_dag.createTable manual__2021-11-01T03:19:49.507915+00:00 [queued]>
[2021-11-01 03:19:51,718] {taskinstance.py:1241} INFO - 
--------------------------------------------------------------------------------
[2021-11-01 03:19:51,718] {taskinstance.py:1242} INFO - Starting attempt 1 of 1
[2021-11-01 03:19:51,718] {taskinstance.py:1243} INFO - 
--------------------------------------------------------------------------------
[2021-11-01 03:19:51,731] {taskinstance.py:1262} INFO - Executing <Task(PythonOperator): createTable> on 2021-11-01 03:19:49.507915+00:00
[2021-11-01 03:19:51,735] {standard_task_runner.py:52} INFO - Started process 4937 to run task
[2021-11-01 03:19:51,738] {standard_task_runner.py:76} INFO - Running: ['***', 'tasks', 'run', 'my_dag', 'createTable', 'manual__2021-11-01T03:19:49.507915+00:00', '--job-id', '109', '--raw', '--subdir', 'DAGS_FOLDER/checkModel.py', '--cfg-path', '/tmp/tmpr_u9o7mg', '--error-file', '/tmp/tmp7wzl_r00']
[2021-11-01 03:19:51,738] {standard_task_runner.py:77} INFO - Job 109: Subtask createTable
[2021-11-01 03:19:51,768] {logging_mixin.py:109} INFO - Running <TaskInstance: my_dag.createTable manual__2021-11-01T03:19:49.507915+00:00 [running]> on host 93c37aa78767
[2021-11-01 03:19:51,805] {taskinstance.py:1429} INFO - Exporting the following env vars:
AIRFLOW_CTX_DAG_OWNER=***
AIRFLOW_CTX_DAG_ID=my_dag
AIRFLOW_CTX_TASK_ID=createTable
AIRFLOW_CTX_EXECUTION_DATE=2021-11-01T03:19:49.507915+00:00
AIRFLOW_CTX_DAG_RUN_ID=manual__2021-11-01T03:19:49.507915+00:00
[2021-11-01 03:19:51,879] {python.py:152} INFO - Done. Returned value was: None
[2021-11-01 03:19:51,888] {taskinstance.py:1280} INFO - Marking task as SUCCESS. dag_id=my_dag, task_id=createTable, execution_date=20211101T031949, start_date=20211101T031951, end_date=20211101T031951
[2021-11-01 03:19:51,909] {local_task_job.py:154} INFO - Task exited with return code 0
[2021-11-01 03:19:51,940] {local_task_job.py:264} INFO - 1 downstream tasks scheduled from follow-on schedule check
