[2021-10-29 22:59:20,344] {taskinstance.py:1035} INFO - Dependencies all met for <TaskInstance: example_python_operator.print_the_context manual__2021-10-29T22:59:19.254575+00:00 [queued]>
[2021-10-29 22:59:20,357] {taskinstance.py:1035} INFO - Dependencies all met for <TaskInstance: example_python_operator.print_the_context manual__2021-10-29T22:59:19.254575+00:00 [queued]>
[2021-10-29 22:59:20,357] {taskinstance.py:1241} INFO - 
--------------------------------------------------------------------------------
[2021-10-29 22:59:20,357] {taskinstance.py:1242} INFO - Starting attempt 1 of 1
[2021-10-29 22:59:20,357] {taskinstance.py:1243} INFO - 
--------------------------------------------------------------------------------
[2021-10-29 22:59:20,370] {taskinstance.py:1262} INFO - Executing <Task(PythonOperator): print_the_context> on 2021-10-29 22:59:19.254575+00:00
[2021-10-29 22:59:20,375] {standard_task_runner.py:76} INFO - Running: ['***', 'tasks', 'run', 'example_python_operator', 'print_the_context', 'manual__2021-10-29T22:59:19.254575+00:00', '--job-id', '31', '--raw', '--subdir', '/home/***/.local/lib/python3.6/site-packages/***/example_dags/example_python_operator.py', '--cfg-path', '/tmp/tmpdlvqecq5', '--error-file', '/tmp/tmpvi62pcsk']
[2021-10-29 22:59:20,375] {standard_task_runner.py:77} INFO - Job 31: Subtask print_the_context
[2021-10-29 22:59:20,373] {standard_task_runner.py:52} INFO - Started process 247 to run task
[2021-10-29 22:59:20,403] {logging_mixin.py:109} INFO - Running <TaskInstance: example_python_operator.print_the_context manual__2021-10-29T22:59:19.254575+00:00 [running]> on host 54578bcb1e9c
[2021-10-29 22:59:20,438] {taskinstance.py:1414} INFO - Exporting the following env vars:
AIRFLOW_CTX_DAG_OWNER=***
AIRFLOW_CTX_DAG_ID=example_python_operator
AIRFLOW_CTX_TASK_ID=print_the_context
AIRFLOW_CTX_EXECUTION_DATE=2021-10-29T22:59:19.254575+00:00
AIRFLOW_CTX_DAG_RUN_ID=manual__2021-10-29T22:59:19.254575+00:00
[2021-10-29 22:59:20,440] {warnings.py:99} WARNING - /home/***/.local/lib/python3.6/site-packages/***/models/taskinstance.py:1917: DeprecationWarning: Accessing 'execution_date' from the template is deprecated and will be removed in a future version. Please use 'data_interval_start' instead.
  warnings.warn(message, DeprecationWarning)

[2021-10-29 22:59:20,440] {warnings.py:99} WARNING - /home/***/.local/lib/python3.6/site-packages/***/models/taskinstance.py:1917: DeprecationWarning: Accessing 'next_ds' from the template is deprecated and will be removed in a future version. Please use 'data_interval_end | ds' instead.
  warnings.warn(message, DeprecationWarning)

[2021-10-29 22:59:20,441] {warnings.py:99} WARNING - /home/***/.local/lib/python3.6/site-packages/***/models/taskinstance.py:1917: DeprecationWarning: Accessing 'next_ds_nodash' from the template is deprecated and will be removed in a future version. Please use 'data_interval_end | ds_nodash' instead.
  warnings.warn(message, DeprecationWarning)

[2021-10-29 22:59:20,441] {warnings.py:99} WARNING - /home/***/.local/lib/python3.6/site-packages/***/models/taskinstance.py:1917: DeprecationWarning: Accessing 'next_execution_date' from the template is deprecated and will be removed in a future version. Please use 'data_interval_end' instead.
  warnings.warn(message, DeprecationWarning)

[2021-10-29 22:59:20,446] {warnings.py:99} WARNING - /home/***/.local/lib/python3.6/site-packages/***/models/taskinstance.py:1917: DeprecationWarning: Accessing 'prev_ds' from the template is deprecated and will be removed in a future version.
  warnings.warn(message, DeprecationWarning)

[2021-10-29 22:59:20,447] {warnings.py:99} WARNING - /home/***/.local/lib/python3.6/site-packages/***/models/taskinstance.py:1917: DeprecationWarning: Accessing 'prev_ds_nodash' from the template is deprecated and will be removed in a future version.
  warnings.warn(message, DeprecationWarning)

[2021-10-29 22:59:20,447] {warnings.py:99} WARNING - /home/***/.local/lib/python3.6/site-packages/***/models/taskinstance.py:1917: DeprecationWarning: Accessing 'prev_execution_date' from the template is deprecated and will be removed in a future version.
  warnings.warn(message, DeprecationWarning)

[2021-10-29 22:59:20,447] {warnings.py:99} WARNING - /home/***/.local/lib/python3.6/site-packages/***/models/taskinstance.py:1917: DeprecationWarning: Accessing 'prev_execution_date_success' from the template is deprecated and will be removed in a future version. Please use 'prev_data_interval_start_success' instead.
  warnings.warn(message, DeprecationWarning)

[2021-10-29 22:59:20,449] {warnings.py:99} WARNING - /home/***/.local/lib/python3.6/site-packages/***/models/taskinstance.py:1917: DeprecationWarning: Accessing 'tomorrow_ds' from the template is deprecated and will be removed in a future version.
  warnings.warn(message, DeprecationWarning)

[2021-10-29 22:59:20,449] {warnings.py:99} WARNING - /home/***/.local/lib/python3.6/site-packages/***/models/taskinstance.py:1917: DeprecationWarning: Accessing 'tomorrow_ds_nodash' from the template is deprecated and will be removed in a future version.
  warnings.warn(message, DeprecationWarning)

[2021-10-29 22:59:20,449] {warnings.py:99} WARNING - /home/***/.local/lib/python3.6/site-packages/***/models/taskinstance.py:1917: DeprecationWarning: Accessing 'yesterday_ds' from the template is deprecated and will be removed in a future version.
  warnings.warn(message, DeprecationWarning)

[2021-10-29 22:59:20,449] {warnings.py:99} WARNING - /home/***/.local/lib/python3.6/site-packages/***/models/taskinstance.py:1917: DeprecationWarning: Accessing 'yesterday_ds_nodash' from the template is deprecated and will be removed in a future version.
  warnings.warn(message, DeprecationWarning)

[2021-10-29 22:59:20,450] {logging_mixin.py:109} INFO - {'conf': <***.configuration.AirflowConfigParser object at 0x7f373f226470>,
 'conn': <***.models.taskinstance.TaskInstance.get_template_context.<locals>.ConnectionAccessor object at 0x7f37353008d0>,
 'dag': <DAG: example_python_operator>,
 'dag_run': <DagRun example_python_operator @ 2021-10-29 22:59:19.254575+00:00: manual__2021-10-29T22:59:19.254575+00:00, externally triggered: True>,
 'data_interval_end': DateTime(2021, 10, 29, 22, 59, 19, 254575, tzinfo=Timezone('UTC')),
 'data_interval_start': DateTime(2021, 10, 29, 22, 59, 19, 254575, tzinfo=Timezone('UTC')),
 'ds_nodash': '20211029',
 'execution_date': <Proxy at 0x7f37352ff648 with factory <function TaskInstance.get_template_context.<locals>.deprecated_proxy.<locals>.deprecated_func at 0x7f37353109d8>>,
 'inlets': [],
 'macros': <module '***.macros' from '/home/***/.local/lib/python3.6/site-packages/***/macros/__init__.py'>,
 'next_ds': <Proxy at 0x7f37352ff688 with factory <function TaskInstance.get_template_context.<locals>.deprecated_proxy.<locals>.deprecated_func at 0x7f3735310a60>>,
 'next_ds_nodash': <Proxy at 0x7f3735313448 with factory <function TaskInstance.get_template_context.<locals>.deprecated_proxy.<locals>.deprecated_func at 0x7f3735310ae8>>,
 'next_execution_date': <Proxy at 0x7f3735313588 with factory <function TaskInstance.get_template_context.<locals>.deprecated_proxy.<locals>.deprecated_func at 0x7f3735310b70>>,
 'outlets': [],
 'params': {},
 'prev_data_interval_end_success': <Proxy at 0x7f3735313248 with factory <function TaskInstance.get_template_context.<locals>.get_prev_data_interval_end_success at 0x7f3735346e18>>,
 'prev_data_interval_start_success': <Proxy at 0x7f3735313548 with factory <function TaskInstance.get_template_context.<locals>.get_prev_data_interval_start_success at 0x7f3735346f28>>,
 'prev_ds': <Proxy at 0x7f37353130c8 with factory <function TaskInstance.get_template_context.<locals>.deprecated_proxy.<locals>.deprecated_func at 0x7f3735310bf8>>,
 'prev_ds_nodash': <Proxy at 0x7f37353134c8 with factory <function TaskInstance.get_template_context.<locals>.deprecated_proxy.<locals>.deprecated_func at 0x7f3735310c80>>,
 'prev_execution_date': <Proxy at 0x7f3735313488 with factory <function TaskInstance.get_template_context.<locals>.deprecated_proxy.<locals>.deprecated_func at 0x7f3735310d08>>,
 'prev_execution_date_success': <Proxy at 0x7f3735313188 with factory <function TaskInstance.get_template_context.<locals>.deprecated_proxy.<locals>.deprecated_func at 0x7f3735310e18>>,
 'prev_start_date_success': <Proxy at 0x7f3735313348 with factory <function TaskInstance.get_template_context.<locals>.get_prev_start_date_success at 0x7f373530b6a8>>,
 'run_id': 'manual__2021-10-29T22:59:19.254575+00:00',
 'task': <Task(PythonOperator): print_the_context>,
 'task_instance': <TaskInstance: example_python_operator.print_the_context manual__2021-10-29T22:59:19.254575+00:00 [running]>,
 'task_instance_key_str': 'example_python_operator__print_the_context__20211029',
 'templates_dict': None,
 'test_mode': False,
 'ti': <TaskInstance: example_python_operator.print_the_context manual__2021-10-29T22:59:19.254575+00:00 [running]>,
 'tomorrow_ds': <Proxy at 0x7f3735313208 with factory <function TaskInstance.get_template_context.<locals>.deprecated_proxy.<locals>.deprecated_func at 0x7f3735310ea0>>,
 'tomorrow_ds_nodash': <Proxy at 0x7f3735313108 with factory <function TaskInstance.get_template_context.<locals>.deprecated_proxy.<locals>.deprecated_func at 0x7f3735310f28>>,
 'ts': '2021-10-29T22:59:19.254575+00:00',
 'ts_nodash': '20211029T225919',
 'ts_nodash_with_tz': '20211029T225919.254575+0000',
 'var': {'json': None, 'value': None},
 'yesterday_ds': <Proxy at 0x7f3735313408 with factory <function TaskInstance.get_template_context.<locals>.deprecated_proxy.<locals>.deprecated_func at 0x7f373531b048>>,
 'yesterday_ds_nodash': <Proxy at 0x7f3735313608 with factory <function TaskInstance.get_template_context.<locals>.deprecated_proxy.<locals>.deprecated_func at 0x7f373531b0d0>>}
[2021-10-29 22:59:20,450] {logging_mixin.py:109} INFO - 2021-10-29
[2021-10-29 22:59:20,450] {python.py:152} INFO - Done. Returned value was: Whatever you return gets printed in the logs
[2021-10-29 22:59:20,462] {taskinstance.py:1280} INFO - Marking task as SUCCESS. dag_id=example_python_operator, task_id=print_the_context, execution_date=20211029T225919, start_date=20211029T225920, end_date=20211029T225920
[2021-10-29 22:59:20,509] {local_task_job.py:154} INFO - Task exited with return code 0
[2021-10-29 22:59:20,536] {local_task_job.py:264} INFO - 5 downstream tasks scheduled from follow-on schedule check
