[2021-11-01 03:43:15,875] {taskinstance.py:1035} INFO - Dependencies all met for <TaskInstance: my_dag.createTable manual__2021-11-01T03:43:13.294248+00:00 [queued]>
[2021-11-01 03:43:15,885] {taskinstance.py:1035} INFO - Dependencies all met for <TaskInstance: my_dag.createTable manual__2021-11-01T03:43:13.294248+00:00 [queued]>
[2021-11-01 03:43:15,885] {taskinstance.py:1241} INFO - 
--------------------------------------------------------------------------------
[2021-11-01 03:43:15,885] {taskinstance.py:1242} INFO - Starting attempt 1 of 1
[2021-11-01 03:43:15,885] {taskinstance.py:1243} INFO - 
--------------------------------------------------------------------------------
[2021-11-01 03:43:15,899] {taskinstance.py:1262} INFO - Executing <Task(PythonOperator): createTable> on 2021-11-01 03:43:13.294248+00:00
[2021-11-01 03:43:15,903] {standard_task_runner.py:52} INFO - Started process 726 to run task
[2021-11-01 03:43:15,905] {standard_task_runner.py:76} INFO - Running: ['***', 'tasks', 'run', 'my_dag', 'createTable', 'manual__2021-11-01T03:43:13.294248+00:00', '--job-id', '150', '--raw', '--subdir', 'DAGS_FOLDER/checkModel.py', '--cfg-path', '/tmp/tmpxiu6_fhx', '--error-file', '/tmp/tmp_c3pbn2w']
[2021-11-01 03:43:15,906] {standard_task_runner.py:77} INFO - Job 150: Subtask createTable
[2021-11-01 03:43:15,937] {logging_mixin.py:109} INFO - Running <TaskInstance: my_dag.createTable manual__2021-11-01T03:43:13.294248+00:00 [running]> on host e4a42aadf2ec
[2021-11-01 03:43:15,976] {taskinstance.py:1429} INFO - Exporting the following env vars:
AIRFLOW_CTX_DAG_OWNER=***
AIRFLOW_CTX_DAG_ID=my_dag
AIRFLOW_CTX_TASK_ID=createTable
AIRFLOW_CTX_EXECUTION_DATE=2021-11-01T03:43:13.294248+00:00
AIRFLOW_CTX_DAG_RUN_ID=manual__2021-11-01T03:43:13.294248+00:00
[2021-11-01 03:43:16,053] {python.py:152} INFO - Done. Returned value was: None
[2021-11-01 03:43:16,062] {taskinstance.py:1280} INFO - Marking task as SUCCESS. dag_id=my_dag, task_id=createTable, execution_date=20211101T034313, start_date=20211101T034315, end_date=20211101T034316
[2021-11-01 03:43:16,077] {local_task_job.py:154} INFO - Task exited with return code 0
[2021-11-01 03:43:16,108] {local_task_job.py:264} INFO - 1 downstream tasks scheduled from follow-on schedule check
