[2021-11-01 03:43:18,186] {taskinstance.py:1035} INFO - Dependencies all met for <TaskInstance: my_dag.processdata manual__2021-11-01T03:43:13.294248+00:00 [queued]>
[2021-11-01 03:43:18,217] {taskinstance.py:1035} INFO - Dependencies all met for <TaskInstance: my_dag.processdata manual__2021-11-01T03:43:13.294248+00:00 [queued]>
[2021-11-01 03:43:18,217] {taskinstance.py:1241} INFO - 
--------------------------------------------------------------------------------
[2021-11-01 03:43:18,218] {taskinstance.py:1242} INFO - Starting attempt 1 of 1
[2021-11-01 03:43:18,218] {taskinstance.py:1243} INFO - 
--------------------------------------------------------------------------------
[2021-11-01 03:43:18,231] {taskinstance.py:1262} INFO - Executing <Task(PythonOperator): processdata> on 2021-11-01 03:43:13.294248+00:00
[2021-11-01 03:43:18,235] {standard_task_runner.py:52} INFO - Started process 732 to run task
[2021-11-01 03:43:18,238] {standard_task_runner.py:76} INFO - Running: ['***', 'tasks', 'run', 'my_dag', 'processdata', 'manual__2021-11-01T03:43:13.294248+00:00', '--job-id', '152', '--raw', '--subdir', 'DAGS_FOLDER/checkModel.py', '--cfg-path', '/tmp/tmpav5mucti', '--error-file', '/tmp/tmpmwhcbcqb']
[2021-11-01 03:43:18,238] {standard_task_runner.py:77} INFO - Job 152: Subtask processdata
[2021-11-01 03:43:18,267] {logging_mixin.py:109} INFO - Running <TaskInstance: my_dag.processdata manual__2021-11-01T03:43:13.294248+00:00 [running]> on host e4a42aadf2ec
[2021-11-01 03:43:18,301] {taskinstance.py:1429} INFO - Exporting the following env vars:
AIRFLOW_CTX_DAG_OWNER=***
AIRFLOW_CTX_DAG_ID=my_dag
AIRFLOW_CTX_TASK_ID=processdata
AIRFLOW_CTX_EXECUTION_DATE=2021-11-01T03:43:13.294248+00:00
AIRFLOW_CTX_DAG_RUN_ID=manual__2021-11-01T03:43:13.294248+00:00
[2021-11-01 03:43:18,708] {warnings.py:110} WARNING - /home/***/.local/lib/python3.7/site-packages/sklearn/linear_model/least_angle.py:35: DeprecationWarning: `np.float` is a deprecated alias for the builtin `float`. To silence this warning, use `float` by itself. Doing this will not modify any behavior and is safe. If you specifically wanted the numpy scalar type, use `np.float64` here.
Deprecated in NumPy 1.20; for more details and guidance: https://numpy.org/devdocs/release/1.20.0-notes.html#deprecations
  eps=np.finfo(np.float).eps,

[2021-11-01 03:43:18,708] {warnings.py:110} WARNING - /home/***/.local/lib/python3.7/site-packages/sklearn/linear_model/least_angle.py:597: DeprecationWarning: `np.float` is a deprecated alias for the builtin `float`. To silence this warning, use `float` by itself. Doing this will not modify any behavior and is safe. If you specifically wanted the numpy scalar type, use `np.float64` here.
Deprecated in NumPy 1.20; for more details and guidance: https://numpy.org/devdocs/release/1.20.0-notes.html#deprecations
  eps=np.finfo(np.float).eps, copy_X=True, fit_path=True,

[2021-11-01 03:43:18,708] {warnings.py:110} WARNING - /home/***/.local/lib/python3.7/site-packages/sklearn/linear_model/least_angle.py:836: DeprecationWarning: `np.float` is a deprecated alias for the builtin `float`. To silence this warning, use `float` by itself. Doing this will not modify any behavior and is safe. If you specifically wanted the numpy scalar type, use `np.float64` here.
Deprecated in NumPy 1.20; for more details and guidance: https://numpy.org/devdocs/release/1.20.0-notes.html#deprecations
  eps=np.finfo(np.float).eps, copy_X=True, fit_path=True,

[2021-11-01 03:43:18,708] {warnings.py:110} WARNING - /home/***/.local/lib/python3.7/site-packages/sklearn/linear_model/least_angle.py:862: DeprecationWarning: `np.float` is a deprecated alias for the builtin `float`. To silence this warning, use `float` by itself. Doing this will not modify any behavior and is safe. If you specifically wanted the numpy scalar type, use `np.float64` here.
Deprecated in NumPy 1.20; for more details and guidance: https://numpy.org/devdocs/release/1.20.0-notes.html#deprecations
  eps=np.finfo(np.float).eps, positive=False):

[2021-11-01 03:43:18,709] {warnings.py:110} WARNING - /home/***/.local/lib/python3.7/site-packages/sklearn/linear_model/least_angle.py:1097: DeprecationWarning: `np.float` is a deprecated alias for the builtin `float`. To silence this warning, use `float` by itself. Doing this will not modify any behavior and is safe. If you specifically wanted the numpy scalar type, use `np.float64` here.
Deprecated in NumPy 1.20; for more details and guidance: https://numpy.org/devdocs/release/1.20.0-notes.html#deprecations
  max_n_alphas=1000, n_jobs=None, eps=np.finfo(np.float).eps,

[2021-11-01 03:43:18,709] {warnings.py:110} WARNING - /home/***/.local/lib/python3.7/site-packages/sklearn/linear_model/least_angle.py:1344: DeprecationWarning: `np.float` is a deprecated alias for the builtin `float`. To silence this warning, use `float` by itself. Doing this will not modify any behavior and is safe. If you specifically wanted the numpy scalar type, use `np.float64` here.
Deprecated in NumPy 1.20; for more details and guidance: https://numpy.org/devdocs/release/1.20.0-notes.html#deprecations
  max_n_alphas=1000, n_jobs=None, eps=np.finfo(np.float).eps,

[2021-11-01 03:43:18,709] {warnings.py:110} WARNING - /home/***/.local/lib/python3.7/site-packages/sklearn/linear_model/least_angle.py:1480: DeprecationWarning: `np.float` is a deprecated alias for the builtin `float`. To silence this warning, use `float` by itself. Doing this will not modify any behavior and is safe. If you specifically wanted the numpy scalar type, use `np.float64` here.
Deprecated in NumPy 1.20; for more details and guidance: https://numpy.org/devdocs/release/1.20.0-notes.html#deprecations
  eps=np.finfo(np.float).eps, copy_X=True, positive=False):

[2021-11-01 03:43:18,724] {warnings.py:110} WARNING - /home/***/.local/lib/python3.7/site-packages/sklearn/linear_model/randomized_l1.py:152: DeprecationWarning: `np.float` is a deprecated alias for the builtin `float`. To silence this warning, use `float` by itself. Doing this will not modify any behavior and is safe. If you specifically wanted the numpy scalar type, use `np.float64` here.
Deprecated in NumPy 1.20; for more details and guidance: https://numpy.org/devdocs/release/1.20.0-notes.html#deprecations
  precompute=False, eps=np.finfo(np.float).eps,

[2021-11-01 03:43:18,724] {warnings.py:110} WARNING - /home/***/.local/lib/python3.7/site-packages/sklearn/linear_model/randomized_l1.py:320: DeprecationWarning: `np.float` is a deprecated alias for the builtin `float`. To silence this warning, use `float` by itself. Doing this will not modify any behavior and is safe. If you specifically wanted the numpy scalar type, use `np.float64` here.
Deprecated in NumPy 1.20; for more details and guidance: https://numpy.org/devdocs/release/1.20.0-notes.html#deprecations
  eps=np.finfo(np.float).eps, random_state=None,

[2021-11-01 03:43:18,724] {warnings.py:110} WARNING - /home/***/.local/lib/python3.7/site-packages/sklearn/linear_model/randomized_l1.py:580: DeprecationWarning: `np.float` is a deprecated alias for the builtin `float`. To silence this warning, use `float` by itself. Doing this will not modify any behavior and is safe. If you specifically wanted the numpy scalar type, use `np.float64` here.
Deprecated in NumPy 1.20; for more details and guidance: https://numpy.org/devdocs/release/1.20.0-notes.html#deprecations
  eps=4 * np.finfo(np.float).eps, n_jobs=None,

[2021-11-01 03:43:18,757] {warnings.py:110} WARNING - /home/***/.local/lib/python3.7/site-packages/sklearn/linear_model/base.py:283: DeprecationWarning: `np.int` is a deprecated alias for the builtin `int`. To silence this warning, use `int` by itself. Doing this will not modify any behavior and is safe. When replacing `np.int`, you may wish to use e.g. `np.int64` or `np.int32` to specify the precision. If you wish to review your current use, check the release note link for additional information.
Deprecated in NumPy 1.20; for more details and guidance: https://numpy.org/devdocs/release/1.20.0-notes.html#deprecations
  indices = (scores > 0).astype(np.int)

[2021-11-01 03:43:18,767] {logging_mixin.py:109} INFO -      PassengerId  Survive
0            892        0
1            893        0
2            894        0
3            895        0
4            896        1
..           ...      ...
413         1305        0
414         1306        1
415         1307        0
416         1308        0
417         1309        0

[418 rows x 2 columns]
[2021-11-01 03:43:18,810] {python.py:152} INFO - Done. Returned value was: None
[2021-11-01 03:43:18,820] {taskinstance.py:1280} INFO - Marking task as SUCCESS. dag_id=my_dag, task_id=processdata, execution_date=20211101T034313, start_date=20211101T034318, end_date=20211101T034318
[2021-11-01 03:43:18,850] {local_task_job.py:154} INFO - Task exited with return code 0
[2021-11-01 03:43:18,877] {local_task_job.py:264} INFO - 1 downstream tasks scheduled from follow-on schedule check
