[2021-10-29 22:59:21,673] {taskinstance.py:1035} INFO - Dependencies all met for <TaskInstance: example_python_operator.sleep_for_0 manual__2021-10-29T22:59:19.254575+00:00 [queued]>
[2021-10-29 22:59:21,692] {taskinstance.py:1035} INFO - Dependencies all met for <TaskInstance: example_python_operator.sleep_for_0 manual__2021-10-29T22:59:19.254575+00:00 [queued]>
[2021-10-29 22:59:21,692] {taskinstance.py:1241} INFO - 
--------------------------------------------------------------------------------
[2021-10-29 22:59:21,692] {taskinstance.py:1242} INFO - Starting attempt 1 of 1
[2021-10-29 22:59:21,692] {taskinstance.py:1243} INFO - 
--------------------------------------------------------------------------------
[2021-10-29 22:59:21,707] {taskinstance.py:1262} INFO - Executing <Task(PythonOperator): sleep_for_0> on 2021-10-29 22:59:19.254575+00:00
[2021-10-29 22:59:21,714] {standard_task_runner.py:76} INFO - Running: ['***', 'tasks', 'run', 'example_python_operator', 'sleep_for_0', 'manual__2021-10-29T22:59:19.254575+00:00', '--job-id', '35', '--raw', '--subdir', '/home/***/.local/lib/python3.6/site-packages/***/example_dags/example_python_operator.py', '--cfg-path', '/tmp/tmp70xnzjzw', '--error-file', '/tmp/tmpgj85mgbm']
[2021-10-29 22:59:21,714] {standard_task_runner.py:77} INFO - Job 35: Subtask sleep_for_0
[2021-10-29 22:59:21,711] {standard_task_runner.py:52} INFO - Started process 272 to run task
[2021-10-29 22:59:21,751] {logging_mixin.py:109} INFO - Running <TaskInstance: example_python_operator.sleep_for_0 manual__2021-10-29T22:59:19.254575+00:00 [running]> on host 54578bcb1e9c
[2021-10-29 22:59:21,792] {taskinstance.py:1414} INFO - Exporting the following env vars:
AIRFLOW_CTX_DAG_OWNER=***
AIRFLOW_CTX_DAG_ID=example_python_operator
AIRFLOW_CTX_TASK_ID=sleep_for_0
AIRFLOW_CTX_EXECUTION_DATE=2021-10-29T22:59:19.254575+00:00
AIRFLOW_CTX_DAG_RUN_ID=manual__2021-10-29T22:59:19.254575+00:00
[2021-10-29 22:59:21,793] {python.py:152} INFO - Done. Returned value was: None
[2021-10-29 22:59:21,805] {taskinstance.py:1280} INFO - Marking task as SUCCESS. dag_id=example_python_operator, task_id=sleep_for_0, execution_date=20211029T225919, start_date=20211029T225921, end_date=20211029T225921
[2021-10-29 22:59:21,849] {local_task_job.py:154} INFO - Task exited with return code 0
[2021-10-29 22:59:21,871] {local_task_job.py:264} INFO - 0 downstream tasks scheduled from follow-on schedule check
