[2021-11-01 03:37:28,330] {taskinstance.py:1035} INFO - Dependencies all met for <TaskInstance: my_dag.drop_table_results manual__2021-11-01T03:37:25.096892+00:00 [queued]>
[2021-11-01 03:37:28,341] {taskinstance.py:1035} INFO - Dependencies all met for <TaskInstance: my_dag.drop_table_results manual__2021-11-01T03:37:25.096892+00:00 [queued]>
[2021-11-01 03:37:28,341] {taskinstance.py:1241} INFO - 
--------------------------------------------------------------------------------
[2021-11-01 03:37:28,341] {taskinstance.py:1242} INFO - Starting attempt 1 of 1
[2021-11-01 03:37:28,341] {taskinstance.py:1243} INFO - 
--------------------------------------------------------------------------------
[2021-11-01 03:37:28,357] {taskinstance.py:1262} INFO - Executing <Task(PostgresOperator): drop_table_results> on 2021-11-01 03:37:25.096892+00:00
[2021-11-01 03:37:28,361] {standard_task_runner.py:52} INFO - Started process 407 to run task
[2021-11-01 03:37:28,363] {standard_task_runner.py:76} INFO - Running: ['***', 'tasks', 'run', 'my_dag', 'drop_table_results', 'manual__2021-11-01T03:37:25.096892+00:00', '--job-id', '136', '--raw', '--subdir', 'DAGS_FOLDER/checkModel.py', '--cfg-path', '/tmp/tmplw7xpo2o', '--error-file', '/tmp/tmpt_3fm826']
[2021-11-01 03:37:28,364] {standard_task_runner.py:77} INFO - Job 136: Subtask drop_table_results
[2021-11-01 03:37:28,399] {logging_mixin.py:109} INFO - Running <TaskInstance: my_dag.drop_table_results manual__2021-11-01T03:37:25.096892+00:00 [running]> on host e4a42aadf2ec
[2021-11-01 03:37:28,443] {taskinstance.py:1429} INFO - Exporting the following env vars:
AIRFLOW_CTX_DAG_OWNER=***
AIRFLOW_CTX_DAG_ID=my_dag
AIRFLOW_CTX_TASK_ID=drop_table_results
AIRFLOW_CTX_EXECUTION_DATE=2021-11-01T03:37:25.096892+00:00
AIRFLOW_CTX_DAG_RUN_ID=manual__2021-11-01T03:37:25.096892+00:00
[2021-11-01 03:37:28,450] {base.py:79} INFO - Using connection to: id: postgres_default. Host: 172.23.0.3, Port: 5432, Schema: ***, Login: ***, Password: ***, extra: {}
[2021-11-01 03:37:28,453] {dbapi.py:225} INFO - Running statement: drop table if exists results;, parameters: None
[2021-11-01 03:37:28,454] {postgres.py:71} INFO - NOTICE:  table "results" does not exist, skipping

[2021-11-01 03:37:28,463] {taskinstance.py:1280} INFO - Marking task as SUCCESS. dag_id=my_dag, task_id=drop_table_results, execution_date=20211101T033725, start_date=20211101T033728, end_date=20211101T033728
[2021-11-01 03:37:28,495] {local_task_job.py:154} INFO - Task exited with return code 0
[2021-11-01 03:37:28,533] {local_task_job.py:264} INFO - 1 downstream tasks scheduled from follow-on schedule check
