[2021-10-29 22:59:21,608] {taskinstance.py:1035} INFO - Dependencies all met for <TaskInstance: example_python_operator.sleep_for_1 manual__2021-10-29T22:59:19.254575+00:00 [queued]>
[2021-10-29 22:59:21,626] {taskinstance.py:1035} INFO - Dependencies all met for <TaskInstance: example_python_operator.sleep_for_1 manual__2021-10-29T22:59:19.254575+00:00 [queued]>
[2021-10-29 22:59:21,627] {taskinstance.py:1241} INFO - 
--------------------------------------------------------------------------------
[2021-10-29 22:59:21,627] {taskinstance.py:1242} INFO - Starting attempt 1 of 1
[2021-10-29 22:59:21,627] {taskinstance.py:1243} INFO - 
--------------------------------------------------------------------------------
[2021-10-29 22:59:21,641] {taskinstance.py:1262} INFO - Executing <Task(PythonOperator): sleep_for_1> on 2021-10-29 22:59:19.254575+00:00
[2021-10-29 22:59:21,647] {standard_task_runner.py:76} INFO - Running: ['***', 'tasks', 'run', 'example_python_operator', 'sleep_for_1', 'manual__2021-10-29T22:59:19.254575+00:00', '--job-id', '33', '--raw', '--subdir', '/home/***/.local/lib/python3.6/site-packages/***/example_dags/example_python_operator.py', '--cfg-path', '/tmp/tmpvn5o9pbf', '--error-file', '/tmp/tmpg3yj3m3b']
[2021-10-29 22:59:21,649] {standard_task_runner.py:77} INFO - Job 33: Subtask sleep_for_1
[2021-10-29 22:59:21,645] {standard_task_runner.py:52} INFO - Started process 270 to run task
[2021-10-29 22:59:21,683] {logging_mixin.py:109} INFO - Running <TaskInstance: example_python_operator.sleep_for_1 manual__2021-10-29T22:59:19.254575+00:00 [running]> on host 54578bcb1e9c
[2021-10-29 22:59:21,727] {taskinstance.py:1414} INFO - Exporting the following env vars:
AIRFLOW_CTX_DAG_OWNER=***
AIRFLOW_CTX_DAG_ID=example_python_operator
AIRFLOW_CTX_TASK_ID=sleep_for_1
AIRFLOW_CTX_EXECUTION_DATE=2021-10-29T22:59:19.254575+00:00
AIRFLOW_CTX_DAG_RUN_ID=manual__2021-10-29T22:59:19.254575+00:00
[2021-10-29 22:59:21,828] {python.py:152} INFO - Done. Returned value was: None
[2021-10-29 22:59:21,839] {taskinstance.py:1280} INFO - Marking task as SUCCESS. dag_id=example_python_operator, task_id=sleep_for_1, execution_date=20211029T225919, start_date=20211029T225921, end_date=20211029T225921
[2021-10-29 22:59:21,863] {local_task_job.py:154} INFO - Task exited with return code 0
[2021-10-29 22:59:21,886] {local_task_job.py:264} INFO - 0 downstream tasks scheduled from follow-on schedule check
