[2021-11-01 03:37:30,990] {taskinstance.py:1035} INFO - Dependencies all met for <TaskInstance: my_dag.showresults manual__2021-11-01T03:37:25.096892+00:00 [queued]>
[2021-11-01 03:37:31,000] {taskinstance.py:1035} INFO - Dependencies all met for <TaskInstance: my_dag.showresults manual__2021-11-01T03:37:25.096892+00:00 [queued]>
[2021-11-01 03:37:31,000] {taskinstance.py:1241} INFO - 
--------------------------------------------------------------------------------
[2021-11-01 03:37:31,000] {taskinstance.py:1242} INFO - Starting attempt 1 of 1
[2021-11-01 03:37:31,000] {taskinstance.py:1243} INFO - 
--------------------------------------------------------------------------------
[2021-11-01 03:37:31,012] {taskinstance.py:1262} INFO - Executing <Task(PostgresOperator): showresults> on 2021-11-01 03:37:25.096892+00:00
[2021-11-01 03:37:31,016] {standard_task_runner.py:52} INFO - Started process 425 to run task
[2021-11-01 03:37:31,018] {standard_task_runner.py:76} INFO - Running: ['***', 'tasks', 'run', 'my_dag', 'showresults', 'manual__2021-11-01T03:37:25.096892+00:00', '--job-id', '138', '--raw', '--subdir', 'DAGS_FOLDER/checkModel.py', '--cfg-path', '/tmp/tmpy2eum271', '--error-file', '/tmp/tmpb86u_5ma']
[2021-11-01 03:37:31,019] {standard_task_runner.py:77} INFO - Job 138: Subtask showresults
[2021-11-01 03:37:31,048] {logging_mixin.py:109} INFO - Running <TaskInstance: my_dag.showresults manual__2021-11-01T03:37:25.096892+00:00 [running]> on host e4a42aadf2ec
[2021-11-01 03:37:31,086] {taskinstance.py:1429} INFO - Exporting the following env vars:
AIRFLOW_CTX_DAG_OWNER=***
AIRFLOW_CTX_DAG_ID=my_dag
AIRFLOW_CTX_TASK_ID=showresults
AIRFLOW_CTX_EXECUTION_DATE=2021-11-01T03:37:25.096892+00:00
AIRFLOW_CTX_DAG_RUN_ID=manual__2021-11-01T03:37:25.096892+00:00
[2021-11-01 03:37:31,092] {base.py:79} INFO - Using connection to: id: postgres_default. Host: 172.23.0.3, Port: 5432, Schema: ***, Login: ***, Password: ***, extra: {}
[2021-11-01 03:37:31,095] {dbapi.py:225} INFO - Running statement: select * from results limit 10;, parameters: None
[2021-11-01 03:37:31,095] {dbapi.py:233} INFO - Rows affected: 10
[2021-11-01 03:37:31,104] {taskinstance.py:1280} INFO - Marking task as SUCCESS. dag_id=my_dag, task_id=showresults, execution_date=20211101T033725, start_date=20211101T033730, end_date=20211101T033731
[2021-11-01 03:37:31,150] {local_task_job.py:154} INFO - Task exited with return code 0
[2021-11-01 03:37:31,190] {local_task_job.py:264} INFO - 0 downstream tasks scheduled from follow-on schedule check
