[2021-11-01 03:31:47,342] {taskinstance.py:1035} INFO - Dependencies all met for <TaskInstance: my_dag.drop_table_results manual__2021-11-01T03:31:42.418479+00:00 [queued]>
[2021-11-01 03:31:47,352] {taskinstance.py:1035} INFO - Dependencies all met for <TaskInstance: my_dag.drop_table_results manual__2021-11-01T03:31:42.418479+00:00 [queued]>
[2021-11-01 03:31:47,352] {taskinstance.py:1241} INFO - 
--------------------------------------------------------------------------------
[2021-11-01 03:31:47,352] {taskinstance.py:1242} INFO - Starting attempt 1 of 1
[2021-11-01 03:31:47,352] {taskinstance.py:1243} INFO - 
--------------------------------------------------------------------------------
[2021-11-01 03:31:47,365] {taskinstance.py:1262} INFO - Executing <Task(PostgresOperator): drop_table_results> on 2021-11-01 03:31:42.418479+00:00
[2021-11-01 03:31:47,369] {standard_task_runner.py:52} INFO - Started process 95 to run task
[2021-11-01 03:31:47,371] {standard_task_runner.py:76} INFO - Running: ['***', 'tasks', 'run', 'my_dag', 'drop_table_results', 'manual__2021-11-01T03:31:42.418479+00:00', '--job-id', '124', '--raw', '--subdir', 'DAGS_FOLDER/checkModel.py', '--cfg-path', '/tmp/tmpxavhkvt4', '--error-file', '/tmp/tmphxg22pl_']
[2021-11-01 03:31:47,372] {standard_task_runner.py:77} INFO - Job 124: Subtask drop_table_results
[2021-11-01 03:31:47,403] {logging_mixin.py:109} INFO - Running <TaskInstance: my_dag.drop_table_results manual__2021-11-01T03:31:42.418479+00:00 [running]> on host e4a42aadf2ec
[2021-11-01 03:31:47,448] {taskinstance.py:1429} INFO - Exporting the following env vars:
AIRFLOW_CTX_DAG_OWNER=***
AIRFLOW_CTX_DAG_ID=my_dag
AIRFLOW_CTX_TASK_ID=drop_table_results
AIRFLOW_CTX_EXECUTION_DATE=2021-11-01T03:31:42.418479+00:00
AIRFLOW_CTX_DAG_RUN_ID=manual__2021-11-01T03:31:42.418479+00:00
[2021-11-01 03:31:47,456] {base.py:79} INFO - Using connection to: id: postgres_default. Host: 172.23.0.3, Port: 5432, Schema: ***, Login: ***, Password: ***, extra: {}
[2021-11-01 03:31:47,458] {dbapi.py:225} INFO - Running statement: drop table if exists results;, parameters: None
[2021-11-01 03:31:47,459] {postgres.py:71} INFO - NOTICE:  table "results" does not exist, skipping

[2021-11-01 03:31:47,470] {taskinstance.py:1280} INFO - Marking task as SUCCESS. dag_id=my_dag, task_id=drop_table_results, execution_date=20211101T033142, start_date=20211101T033147, end_date=20211101T033147
[2021-11-01 03:31:47,503] {local_task_job.py:154} INFO - Task exited with return code 0
[2021-11-01 03:31:47,529] {local_task_job.py:264} INFO - 1 downstream tasks scheduled from follow-on schedule check
