[2021-11-01 03:57:58,377] {taskinstance.py:1035} INFO - Dependencies all met for <TaskInstance: my_dag.drop_table_results manual__2021-11-01T03:57:54.388055+00:00 [queued]>
[2021-11-01 03:57:58,388] {taskinstance.py:1035} INFO - Dependencies all met for <TaskInstance: my_dag.drop_table_results manual__2021-11-01T03:57:54.388055+00:00 [queued]>
[2021-11-01 03:57:58,388] {taskinstance.py:1241} INFO - 
--------------------------------------------------------------------------------
[2021-11-01 03:57:58,388] {taskinstance.py:1242} INFO - Starting attempt 1 of 1
[2021-11-01 03:57:58,388] {taskinstance.py:1243} INFO - 
--------------------------------------------------------------------------------
[2021-11-01 03:57:58,403] {taskinstance.py:1262} INFO - Executing <Task(PostgresOperator): drop_table_results> on 2021-11-01 03:57:54.388055+00:00
[2021-11-01 03:57:58,408] {standard_task_runner.py:52} INFO - Started process 1448 to run task
[2021-11-01 03:57:58,410] {standard_task_runner.py:76} INFO - Running: ['***', 'tasks', 'run', 'my_dag', 'drop_table_results', 'manual__2021-11-01T03:57:54.388055+00:00', '--job-id', '166', '--raw', '--subdir', 'DAGS_FOLDER/checkModel.py', '--cfg-path', '/tmp/tmp5qv_g7yz', '--error-file', '/tmp/tmpm9ftpea8']
[2021-11-01 03:57:58,411] {standard_task_runner.py:77} INFO - Job 166: Subtask drop_table_results
[2021-11-01 03:57:58,443] {logging_mixin.py:109} INFO - Running <TaskInstance: my_dag.drop_table_results manual__2021-11-01T03:57:54.388055+00:00 [running]> on host e4a42aadf2ec
[2021-11-01 03:57:58,484] {taskinstance.py:1429} INFO - Exporting the following env vars:
AIRFLOW_CTX_DAG_OWNER=***
AIRFLOW_CTX_DAG_ID=my_dag
AIRFLOW_CTX_TASK_ID=drop_table_results
AIRFLOW_CTX_EXECUTION_DATE=2021-11-01T03:57:54.388055+00:00
AIRFLOW_CTX_DAG_RUN_ID=manual__2021-11-01T03:57:54.388055+00:00
[2021-11-01 03:57:58,492] {base.py:79} INFO - Using connection to: id: postgres_default. Host: 172.23.0.3, Port: 5432, Schema: ***, Login: ***, Password: ***, extra: {}
[2021-11-01 03:57:58,495] {dbapi.py:225} INFO - Running statement: drop table if exists results;, parameters: None
[2021-11-01 03:57:58,507] {taskinstance.py:1280} INFO - Marking task as SUCCESS. dag_id=my_dag, task_id=drop_table_results, execution_date=20211101T035754, start_date=20211101T035758, end_date=20211101T035758
[2021-11-01 03:57:58,542] {local_task_job.py:154} INFO - Task exited with return code 0
[2021-11-01 03:57:58,590] {local_task_job.py:264} INFO - 1 downstream tasks scheduled from follow-on schedule check
