[2021-11-01 03:07:45,914] {taskinstance.py:1035} INFO - Dependencies all met for <TaskInstance: my_dag.processdata manual__2021-11-01T03:07:42.616069+00:00 [queued]>
[2021-11-01 03:07:45,922] {taskinstance.py:1035} INFO - Dependencies all met for <TaskInstance: my_dag.processdata manual__2021-11-01T03:07:42.616069+00:00 [queued]>
[2021-11-01 03:07:45,923] {taskinstance.py:1241} INFO - 
--------------------------------------------------------------------------------
[2021-11-01 03:07:45,923] {taskinstance.py:1242} INFO - Starting attempt 1 of 1
[2021-11-01 03:07:45,923] {taskinstance.py:1243} INFO - 
--------------------------------------------------------------------------------
[2021-11-01 03:07:45,937] {taskinstance.py:1262} INFO - Executing <Task(PythonOperator): processdata> on 2021-11-01 03:07:42.616069+00:00
[2021-11-01 03:07:45,941] {standard_task_runner.py:52} INFO - Started process 4405 to run task
[2021-11-01 03:07:45,943] {standard_task_runner.py:76} INFO - Running: ['***', 'tasks', 'run', 'my_dag', 'processdata', 'manual__2021-11-01T03:07:42.616069+00:00', '--job-id', '107', '--raw', '--subdir', 'DAGS_FOLDER/checkModel.py', '--cfg-path', '/tmp/tmp9_44nx8w', '--error-file', '/tmp/tmp6nmcfifw']
[2021-11-01 03:07:45,944] {standard_task_runner.py:77} INFO - Job 107: Subtask processdata
[2021-11-01 03:07:45,977] {logging_mixin.py:109} INFO - Running <TaskInstance: my_dag.processdata manual__2021-11-01T03:07:42.616069+00:00 [running]> on host 93c37aa78767
[2021-11-01 03:07:46,019] {taskinstance.py:1429} INFO - Exporting the following env vars:
AIRFLOW_CTX_DAG_OWNER=***
AIRFLOW_CTX_DAG_ID=my_dag
AIRFLOW_CTX_TASK_ID=processdata
AIRFLOW_CTX_EXECUTION_DATE=2021-11-01T03:07:42.616069+00:00
AIRFLOW_CTX_DAG_RUN_ID=manual__2021-11-01T03:07:42.616069+00:00
[2021-11-01 03:07:46,065] {logging_mixin.py:109} INFO -    PassengerId  Pclass  ... IsAlone  Age*Class
0          892       3  ...       1        6.0
1          893       3  ...       0        6.0
2          894       2  ...       1        6.0
3          895       3  ...       1        3.0
4          896       3  ...       0        3.0

[5 rows x 15 columns]
[2021-11-01 03:07:46,066] {python.py:152} INFO - Done. Returned value was: None
[2021-11-01 03:07:46,074] {taskinstance.py:1280} INFO - Marking task as SUCCESS. dag_id=my_dag, task_id=processdata, execution_date=20211101T030742, start_date=20211101T030745, end_date=20211101T030746
[2021-11-01 03:07:46,115] {local_task_job.py:154} INFO - Task exited with return code 0
[2021-11-01 03:07:46,139] {local_task_job.py:264} INFO - 0 downstream tasks scheduled from follow-on schedule check
