[2021-11-01 03:43:14,060] {taskinstance.py:1035} INFO - Dependencies all met for <TaskInstance: my_dag.drop_table_passengers manual__2021-11-01T03:43:13.294248+00:00 [queued]>
[2021-11-01 03:43:14,070] {taskinstance.py:1035} INFO - Dependencies all met for <TaskInstance: my_dag.drop_table_passengers manual__2021-11-01T03:43:13.294248+00:00 [queued]>
[2021-11-01 03:43:14,071] {taskinstance.py:1241} INFO - 
--------------------------------------------------------------------------------
[2021-11-01 03:43:14,071] {taskinstance.py:1242} INFO - Starting attempt 1 of 1
[2021-11-01 03:43:14,071] {taskinstance.py:1243} INFO - 
--------------------------------------------------------------------------------
[2021-11-01 03:43:14,083] {taskinstance.py:1262} INFO - Executing <Task(PostgresOperator): drop_table_passengers> on 2021-11-01 03:43:13.294248+00:00
[2021-11-01 03:43:14,087] {standard_task_runner.py:52} INFO - Started process 723 to run task
[2021-11-01 03:43:14,090] {standard_task_runner.py:76} INFO - Running: ['***', 'tasks', 'run', 'my_dag', 'drop_table_passengers', 'manual__2021-11-01T03:43:13.294248+00:00', '--job-id', '149', '--raw', '--subdir', 'DAGS_FOLDER/checkModel.py', '--cfg-path', '/tmp/tmpt4zheskk', '--error-file', '/tmp/tmpx_8f1164']
[2021-11-01 03:43:14,091] {standard_task_runner.py:77} INFO - Job 149: Subtask drop_table_passengers
[2021-11-01 03:43:14,122] {logging_mixin.py:109} INFO - Running <TaskInstance: my_dag.drop_table_passengers manual__2021-11-01T03:43:13.294248+00:00 [running]> on host e4a42aadf2ec
[2021-11-01 03:43:14,160] {taskinstance.py:1429} INFO - Exporting the following env vars:
AIRFLOW_CTX_DAG_OWNER=***
AIRFLOW_CTX_DAG_ID=my_dag
AIRFLOW_CTX_TASK_ID=drop_table_passengers
AIRFLOW_CTX_EXECUTION_DATE=2021-11-01T03:43:13.294248+00:00
AIRFLOW_CTX_DAG_RUN_ID=manual__2021-11-01T03:43:13.294248+00:00
[2021-11-01 03:43:14,166] {base.py:79} INFO - Using connection to: id: postgres_default. Host: 172.23.0.3, Port: 5432, Schema: ***, Login: ***, Password: ***, extra: {}
[2021-11-01 03:43:14,169] {dbapi.py:225} INFO - Running statement: drop table if exists passengers;, parameters: None
[2021-11-01 03:43:14,179] {taskinstance.py:1280} INFO - Marking task as SUCCESS. dag_id=my_dag, task_id=drop_table_passengers, execution_date=20211101T034313, start_date=20211101T034314, end_date=20211101T034314
[2021-11-01 03:43:14,222] {local_task_job.py:154} INFO - Task exited with return code 0
[2021-11-01 03:43:14,282] {local_task_job.py:264} INFO - 1 downstream tasks scheduled from follow-on schedule check
