[2021-10-29 22:59:21,694] {taskinstance.py:1035} INFO - Dependencies all met for <TaskInstance: example_python_operator.sleep_for_4 manual__2021-10-29T22:59:19.254575+00:00 [queued]>
[2021-10-29 22:59:21,709] {taskinstance.py:1035} INFO - Dependencies all met for <TaskInstance: example_python_operator.sleep_for_4 manual__2021-10-29T22:59:19.254575+00:00 [queued]>
[2021-10-29 22:59:21,709] {taskinstance.py:1241} INFO - 
--------------------------------------------------------------------------------
[2021-10-29 22:59:21,709] {taskinstance.py:1242} INFO - Starting attempt 1 of 1
[2021-10-29 22:59:21,710] {taskinstance.py:1243} INFO - 
--------------------------------------------------------------------------------
[2021-10-29 22:59:21,726] {taskinstance.py:1262} INFO - Executing <Task(PythonOperator): sleep_for_4> on 2021-10-29 22:59:19.254575+00:00
[2021-10-29 22:59:21,732] {standard_task_runner.py:76} INFO - Running: ['***', 'tasks', 'run', 'example_python_operator', 'sleep_for_4', 'manual__2021-10-29T22:59:19.254575+00:00', '--job-id', '36', '--raw', '--subdir', '/home/***/.local/lib/python3.6/site-packages/***/example_dags/example_python_operator.py', '--cfg-path', '/tmp/tmpu18uwt29', '--error-file', '/tmp/tmpmoimiwsu']
[2021-10-29 22:59:21,733] {standard_task_runner.py:77} INFO - Job 36: Subtask sleep_for_4
[2021-10-29 22:59:21,730] {standard_task_runner.py:52} INFO - Started process 273 to run task
[2021-10-29 22:59:21,767] {logging_mixin.py:109} INFO - Running <TaskInstance: example_python_operator.sleep_for_4 manual__2021-10-29T22:59:19.254575+00:00 [running]> on host 54578bcb1e9c
[2021-10-29 22:59:21,808] {taskinstance.py:1414} INFO - Exporting the following env vars:
AIRFLOW_CTX_DAG_OWNER=***
AIRFLOW_CTX_DAG_ID=example_python_operator
AIRFLOW_CTX_TASK_ID=sleep_for_4
AIRFLOW_CTX_EXECUTION_DATE=2021-10-29T22:59:19.254575+00:00
AIRFLOW_CTX_DAG_RUN_ID=manual__2021-10-29T22:59:19.254575+00:00
[2021-10-29 22:59:22,209] {python.py:152} INFO - Done. Returned value was: None
[2021-10-29 22:59:22,224] {taskinstance.py:1280} INFO - Marking task as SUCCESS. dag_id=example_python_operator, task_id=sleep_for_4, execution_date=20211029T225919, start_date=20211029T225921, end_date=20211029T225922
[2021-10-29 22:59:22,268] {local_task_job.py:154} INFO - Task exited with return code 0
[2021-10-29 22:59:22,289] {local_task_job.py:264} INFO - 0 downstream tasks scheduled from follow-on schedule check
