[2021-11-01 03:19:52,913] {taskinstance.py:1035} INFO - Dependencies all met for <TaskInstance: my_dag.drop_table_results manual__2021-11-01T03:19:49.507915+00:00 [queued]>
[2021-11-01 03:19:52,927] {taskinstance.py:1035} INFO - Dependencies all met for <TaskInstance: my_dag.drop_table_results manual__2021-11-01T03:19:49.507915+00:00 [queued]>
[2021-11-01 03:19:52,928] {taskinstance.py:1241} INFO - 
--------------------------------------------------------------------------------
[2021-11-01 03:19:52,928] {taskinstance.py:1242} INFO - Starting attempt 1 of 1
[2021-11-01 03:19:52,928] {taskinstance.py:1243} INFO - 
--------------------------------------------------------------------------------
[2021-11-01 03:19:52,941] {taskinstance.py:1262} INFO - Executing <Task(PostgresOperator): drop_table_results> on 2021-11-01 03:19:49.507915+00:00
[2021-11-01 03:19:52,946] {standard_task_runner.py:52} INFO - Started process 4940 to run task
[2021-11-01 03:19:52,949] {standard_task_runner.py:76} INFO - Running: ['***', 'tasks', 'run', 'my_dag', 'drop_table_results', 'manual__2021-11-01T03:19:49.507915+00:00', '--job-id', '110', '--raw', '--subdir', 'DAGS_FOLDER/checkModel.py', '--cfg-path', '/tmp/tmpucypbwxf', '--error-file', '/tmp/tmpqwvay37q']
[2021-11-01 03:19:52,950] {standard_task_runner.py:77} INFO - Job 110: Subtask drop_table_results
[2021-11-01 03:19:52,980] {logging_mixin.py:109} INFO - Running <TaskInstance: my_dag.drop_table_results manual__2021-11-01T03:19:49.507915+00:00 [running]> on host 93c37aa78767
[2021-11-01 03:19:53,017] {taskinstance.py:1429} INFO - Exporting the following env vars:
AIRFLOW_CTX_DAG_OWNER=***
AIRFLOW_CTX_DAG_ID=my_dag
AIRFLOW_CTX_TASK_ID=drop_table_results
AIRFLOW_CTX_EXECUTION_DATE=2021-11-01T03:19:49.507915+00:00
AIRFLOW_CTX_DAG_RUN_ID=manual__2021-11-01T03:19:49.507915+00:00
[2021-11-01 03:19:53,024] {base.py:79} INFO - Using connection to: id: postgres_default. Host: 172.23.0.3, Port: 5432, Schema: ***, Login: ***, Password: ***, extra: {}
[2021-11-01 03:19:53,026] {dbapi.py:225} INFO - Running statement: drop table if exists results;, parameters: None
[2021-11-01 03:19:53,027] {postgres.py:71} INFO - NOTICE:  table "results" does not exist, skipping

[2021-11-01 03:19:53,037] {taskinstance.py:1280} INFO - Marking task as SUCCESS. dag_id=my_dag, task_id=drop_table_results, execution_date=20211101T031949, start_date=20211101T031952, end_date=20211101T031953
[2021-11-01 03:19:53,081] {local_task_job.py:154} INFO - Task exited with return code 0
[2021-11-01 03:19:53,146] {local_task_job.py:264} INFO - 1 downstream tasks scheduled from follow-on schedule check
