[2021-11-01 02:17:31,154] {taskinstance.py:1035} INFO - Dependencies all met for <TaskInstance: my_dag.readcsv manual__2021-11-01T02:17:29.449892+00:00 [queued]>
[2021-11-01 02:17:31,165] {taskinstance.py:1035} INFO - Dependencies all met for <TaskInstance: my_dag.readcsv manual__2021-11-01T02:17:29.449892+00:00 [queued]>
[2021-11-01 02:17:31,165] {taskinstance.py:1241} INFO - 
--------------------------------------------------------------------------------
[2021-11-01 02:17:31,165] {taskinstance.py:1242} INFO - Starting attempt 1 of 1
[2021-11-01 02:17:31,165] {taskinstance.py:1243} INFO - 
--------------------------------------------------------------------------------
[2021-11-01 02:17:31,179] {taskinstance.py:1262} INFO - Executing <Task(PythonOperator): readcsv> on 2021-11-01 02:17:29.449892+00:00
[2021-11-01 02:17:31,184] {standard_task_runner.py:52} INFO - Started process 2182 to run task
[2021-11-01 02:17:31,186] {standard_task_runner.py:76} INFO - Running: ['***', 'tasks', 'run', 'my_dag', 'readcsv', 'manual__2021-11-01T02:17:29.449892+00:00', '--job-id', '86', '--raw', '--subdir', 'DAGS_FOLDER/checkModel.py', '--cfg-path', '/tmp/tmp4g9qd1wy', '--error-file', '/tmp/tmpyvvxktt9']
[2021-11-01 02:17:31,187] {standard_task_runner.py:77} INFO - Job 86: Subtask readcsv
[2021-11-01 02:17:31,218] {logging_mixin.py:109} INFO - Running <TaskInstance: my_dag.readcsv manual__2021-11-01T02:17:29.449892+00:00 [running]> on host 93c37aa78767
[2021-11-01 02:17:31,255] {taskinstance.py:1429} INFO - Exporting the following env vars:
AIRFLOW_CTX_DAG_OWNER=***
AIRFLOW_CTX_DAG_ID=my_dag
AIRFLOW_CTX_TASK_ID=readcsv
AIRFLOW_CTX_EXECUTION_DATE=2021-11-01T02:17:29.449892+00:00
AIRFLOW_CTX_DAG_RUN_ID=manual__2021-11-01T02:17:29.449892+00:00
[2021-11-01 02:17:31,282] {logging_mixin.py:109} INFO -    PassengerId  Pclass  ... Cabin Embarked
0          892       3  ...   NaN        Q
1          893       3  ...   NaN        S
2          894       2  ...   NaN        Q
3          895       3  ...   NaN        S
4          896       3  ...   NaN        S

[5 rows x 11 columns]
[2021-11-01 02:17:31,283] {python.py:152} INFO - Done. Returned value was: None
[2021-11-01 02:17:31,314] {taskinstance.py:1280} INFO - Marking task as SUCCESS. dag_id=my_dag, task_id=readcsv, execution_date=20211101T021729, start_date=20211101T021731, end_date=20211101T021731
[2021-11-01 02:17:31,358] {local_task_job.py:154} INFO - Task exited with return code 0
[2021-11-01 02:17:31,389] {local_task_job.py:264} INFO - 0 downstream tasks scheduled from follow-on schedule check
