[2021-10-29 22:59:21,647] {taskinstance.py:1035} INFO - Dependencies all met for <TaskInstance: example_python_operator.sleep_for_2 manual__2021-10-29T22:59:19.254575+00:00 [queued]>
[2021-10-29 22:59:21,664] {taskinstance.py:1035} INFO - Dependencies all met for <TaskInstance: example_python_operator.sleep_for_2 manual__2021-10-29T22:59:19.254575+00:00 [queued]>
[2021-10-29 22:59:21,665] {taskinstance.py:1241} INFO - 
--------------------------------------------------------------------------------
[2021-10-29 22:59:21,665] {taskinstance.py:1242} INFO - Starting attempt 1 of 1
[2021-10-29 22:59:21,665] {taskinstance.py:1243} INFO - 
--------------------------------------------------------------------------------
[2021-10-29 22:59:21,676] {taskinstance.py:1262} INFO - Executing <Task(PythonOperator): sleep_for_2> on 2021-10-29 22:59:19.254575+00:00
[2021-10-29 22:59:21,682] {standard_task_runner.py:76} INFO - Running: ['***', 'tasks', 'run', 'example_python_operator', 'sleep_for_2', 'manual__2021-10-29T22:59:19.254575+00:00', '--job-id', '34', '--raw', '--subdir', '/home/***/.local/lib/python3.6/site-packages/***/example_dags/example_python_operator.py', '--cfg-path', '/tmp/tmp6qgjtfx1', '--error-file', '/tmp/tmp_liarf0h']
[2021-10-29 22:59:21,683] {standard_task_runner.py:77} INFO - Job 34: Subtask sleep_for_2
[2021-10-29 22:59:21,680] {standard_task_runner.py:52} INFO - Started process 271 to run task
[2021-10-29 22:59:21,718] {logging_mixin.py:109} INFO - Running <TaskInstance: example_python_operator.sleep_for_2 manual__2021-10-29T22:59:19.254575+00:00 [running]> on host 54578bcb1e9c
[2021-10-29 22:59:21,760] {taskinstance.py:1414} INFO - Exporting the following env vars:
AIRFLOW_CTX_DAG_OWNER=***
AIRFLOW_CTX_DAG_ID=example_python_operator
AIRFLOW_CTX_TASK_ID=sleep_for_2
AIRFLOW_CTX_EXECUTION_DATE=2021-10-29T22:59:19.254575+00:00
AIRFLOW_CTX_DAG_RUN_ID=manual__2021-10-29T22:59:19.254575+00:00
[2021-10-29 22:59:21,961] {python.py:152} INFO - Done. Returned value was: None
[2021-10-29 22:59:21,971] {taskinstance.py:1280} INFO - Marking task as SUCCESS. dag_id=example_python_operator, task_id=sleep_for_2, execution_date=20211029T225919, start_date=20211029T225921, end_date=20211029T225921
[2021-10-29 22:59:22,017] {local_task_job.py:154} INFO - Task exited with return code 0
[2021-10-29 22:59:22,039] {local_task_job.py:264} INFO - 0 downstream tasks scheduled from follow-on schedule check
