[2021-11-01 02:31:23,609] {taskinstance.py:1035} INFO - Dependencies all met for <TaskInstance: my_dag.create_table_passengers manual__2021-11-01T02:31:21.734923+00:00 [queued]>
[2021-11-01 02:31:23,627] {taskinstance.py:1035} INFO - Dependencies all met for <TaskInstance: my_dag.create_table_passengers manual__2021-11-01T02:31:21.734923+00:00 [queued]>
[2021-11-01 02:31:23,628] {taskinstance.py:1241} INFO - 
--------------------------------------------------------------------------------
[2021-11-01 02:31:23,628] {taskinstance.py:1242} INFO - Starting attempt 1 of 1
[2021-11-01 02:31:23,628] {taskinstance.py:1243} INFO - 
--------------------------------------------------------------------------------
[2021-11-01 02:31:23,643] {taskinstance.py:1262} INFO - Executing <Task(PostgresOperator): create_table_passengers> on 2021-11-01 02:31:21.734923+00:00
[2021-11-01 02:31:23,648] {standard_task_runner.py:52} INFO - Started process 2818 to run task
[2021-11-01 02:31:23,650] {standard_task_runner.py:76} INFO - Running: ['***', 'tasks', 'run', 'my_dag', 'create_table_passengers', 'manual__2021-11-01T02:31:21.734923+00:00', '--job-id', '100', '--raw', '--subdir', 'DAGS_FOLDER/checkModel.py', '--cfg-path', '/tmp/tmpdjwhckab', '--error-file', '/tmp/tmpyv6z7qqk']
[2021-11-01 02:31:23,651] {standard_task_runner.py:77} INFO - Job 100: Subtask create_table_passengers
[2021-11-01 02:31:23,680] {logging_mixin.py:109} INFO - Running <TaskInstance: my_dag.create_table_passengers manual__2021-11-01T02:31:21.734923+00:00 [running]> on host 93c37aa78767
[2021-11-01 02:31:23,718] {taskinstance.py:1429} INFO - Exporting the following env vars:
AIRFLOW_CTX_DAG_OWNER=***
AIRFLOW_CTX_DAG_ID=my_dag
AIRFLOW_CTX_TASK_ID=create_table_passengers
AIRFLOW_CTX_EXECUTION_DATE=2021-11-01T02:31:21.734923+00:00
AIRFLOW_CTX_DAG_RUN_ID=manual__2021-11-01T02:31:21.734923+00:00
[2021-11-01 02:31:23,725] {base.py:79} INFO - Using connection to: id: postgres_default. Host: 172.23.0.3, Port: 5432, Schema: ***, Login: ***, Password: ***, extra: {}
[2021-11-01 02:31:23,727] {dbapi.py:225} INFO - Running statement: CREATE TABLE  passengers (PassengerId int, Name text, Sex text, Age float, Sibsp int, Parch int, Ticket text, Fare float, Cabin text, Embarked text);, parameters: None
[2021-11-01 02:31:23,743] {taskinstance.py:1280} INFO - Marking task as SUCCESS. dag_id=my_dag, task_id=create_table_passengers, execution_date=20211101T023121, start_date=20211101T023123, end_date=20211101T023123
[2021-11-01 02:31:23,782] {local_task_job.py:154} INFO - Task exited with return code 0
[2021-11-01 02:31:23,821] {local_task_job.py:264} INFO - 1 downstream tasks scheduled from follow-on schedule check
