[2021-11-01 03:23:05,593] {taskinstance.py:1035} INFO - Dependencies all met for <TaskInstance: my_dag.drop_table_results manual__2021-11-01T03:23:02.029480+00:00 [queued]>
[2021-11-01 03:23:05,603] {taskinstance.py:1035} INFO - Dependencies all met for <TaskInstance: my_dag.drop_table_results manual__2021-11-01T03:23:02.029480+00:00 [queued]>
[2021-11-01 03:23:05,604] {taskinstance.py:1241} INFO - 
--------------------------------------------------------------------------------
[2021-11-01 03:23:05,604] {taskinstance.py:1242} INFO - Starting attempt 1 of 1
[2021-11-01 03:23:05,604] {taskinstance.py:1243} INFO - 
--------------------------------------------------------------------------------
[2021-11-01 03:23:05,617] {taskinstance.py:1262} INFO - Executing <Task(PostgresOperator): drop_table_results> on 2021-11-01 03:23:02.029480+00:00
[2021-11-01 03:23:05,621] {standard_task_runner.py:52} INFO - Started process 85 to run task
[2021-11-01 03:23:05,623] {standard_task_runner.py:76} INFO - Running: ['***', 'tasks', 'run', 'my_dag', 'drop_table_results', 'manual__2021-11-01T03:23:02.029480+00:00', '--job-id', '116', '--raw', '--subdir', 'DAGS_FOLDER/checkModel.py', '--cfg-path', '/tmp/tmpj0_9ise9', '--error-file', '/tmp/tmp8ace1c1q']
[2021-11-01 03:23:05,623] {standard_task_runner.py:77} INFO - Job 116: Subtask drop_table_results
[2021-11-01 03:23:05,654] {logging_mixin.py:109} INFO - Running <TaskInstance: my_dag.drop_table_results manual__2021-11-01T03:23:02.029480+00:00 [running]> on host 93c37aa78767
[2021-11-01 03:23:05,701] {taskinstance.py:1429} INFO - Exporting the following env vars:
AIRFLOW_CTX_DAG_OWNER=***
AIRFLOW_CTX_DAG_ID=my_dag
AIRFLOW_CTX_TASK_ID=drop_table_results
AIRFLOW_CTX_EXECUTION_DATE=2021-11-01T03:23:02.029480+00:00
AIRFLOW_CTX_DAG_RUN_ID=manual__2021-11-01T03:23:02.029480+00:00
[2021-11-01 03:23:05,718] {base.py:79} INFO - Using connection to: id: postgres_default. Host: 172.23.0.3, Port: 5432, Schema: ***, Login: ***, Password: ***, extra: {}
[2021-11-01 03:23:05,723] {dbapi.py:225} INFO - Running statement: drop table if exists results;, parameters: None
[2021-11-01 03:23:05,724] {postgres.py:71} INFO - NOTICE:  table "results" does not exist, skipping

[2021-11-01 03:23:05,741] {taskinstance.py:1280} INFO - Marking task as SUCCESS. dag_id=my_dag, task_id=drop_table_results, execution_date=20211101T032302, start_date=20211101T032305, end_date=20211101T032305
[2021-11-01 03:23:05,835] {local_task_job.py:154} INFO - Task exited with return code 0
[2021-11-01 03:23:05,870] {local_task_job.py:264} INFO - 1 downstream tasks scheduled from follow-on schedule check
