[2021-11-01 01:50:16,804] {taskinstance.py:1035} INFO - Dependencies all met for <TaskInstance: my_dag.create_table_passengers manual__2021-11-01T01:50:15.695803+00:00 [queued]>
[2021-11-01 01:50:16,819] {taskinstance.py:1035} INFO - Dependencies all met for <TaskInstance: my_dag.create_table_passengers manual__2021-11-01T01:50:15.695803+00:00 [queued]>
[2021-11-01 01:50:16,819] {taskinstance.py:1241} INFO - 
--------------------------------------------------------------------------------
[2021-11-01 01:50:16,819] {taskinstance.py:1242} INFO - Starting attempt 1 of 1
[2021-11-01 01:50:16,819] {taskinstance.py:1243} INFO - 
--------------------------------------------------------------------------------
[2021-11-01 01:50:16,830] {taskinstance.py:1262} INFO - Executing <Task(PostgresOperator): create_table_passengers> on 2021-11-01 01:50:15.695803+00:00
[2021-11-01 01:50:16,834] {standard_task_runner.py:52} INFO - Started process 939 to run task
[2021-11-01 01:50:16,837] {standard_task_runner.py:76} INFO - Running: ['***', 'tasks', 'run', 'my_dag', 'create_table_passengers', 'manual__2021-11-01T01:50:15.695803+00:00', '--job-id', '61', '--raw', '--subdir', 'DAGS_FOLDER/checkModel.py', '--cfg-path', '/tmp/tmp948f8w9j', '--error-file', '/tmp/tmpt86kjkff']
[2021-11-01 01:50:16,837] {standard_task_runner.py:77} INFO - Job 61: Subtask create_table_passengers
[2021-11-01 01:50:16,869] {logging_mixin.py:109} INFO - Running <TaskInstance: my_dag.create_table_passengers manual__2021-11-01T01:50:15.695803+00:00 [running]> on host 93c37aa78767
[2021-11-01 01:50:16,906] {taskinstance.py:1429} INFO - Exporting the following env vars:
AIRFLOW_CTX_DAG_OWNER=***
AIRFLOW_CTX_DAG_ID=my_dag
AIRFLOW_CTX_TASK_ID=create_table_passengers
AIRFLOW_CTX_EXECUTION_DATE=2021-11-01T01:50:15.695803+00:00
AIRFLOW_CTX_DAG_RUN_ID=manual__2021-11-01T01:50:15.695803+00:00
[2021-11-01 01:50:16,912] {base.py:79} INFO - Using connection to: id: postgres_default. Host: 172.23.0.3, Port: 5432, Schema: , Login: ***, Password: ***, extra: {}
[2021-11-01 01:50:16,915] {dbapi.py:225} INFO - Running statement: CREATE TABLE if not exists passengers (passengerid int, name text, sex text, age float, sibsp int, parch int, ticket text, fare float, cabin text, embarked text);, parameters: None
[2021-11-01 01:50:16,915] {postgres.py:71} INFO - NOTICE:  relation "passengers" already exists, skipping

[2021-11-01 01:50:16,924] {taskinstance.py:1280} INFO - Marking task as SUCCESS. dag_id=my_dag, task_id=create_table_passengers, execution_date=20211101T015015, start_date=20211101T015016, end_date=20211101T015016
[2021-11-01 01:50:16,968] {local_task_job.py:154} INFO - Task exited with return code 0
[2021-11-01 01:50:17,039] {local_task_job.py:264} INFO - 1 downstream tasks scheduled from follow-on schedule check
