[2021-11-01 03:58:00,774] {taskinstance.py:1035} INFO - Dependencies all met for <TaskInstance: my_dag.results manual__2021-11-01T03:57:54.388055+00:00 [queued]>
[2021-11-01 03:58:00,785] {taskinstance.py:1035} INFO - Dependencies all met for <TaskInstance: my_dag.results manual__2021-11-01T03:57:54.388055+00:00 [queued]>
[2021-11-01 03:58:00,785] {taskinstance.py:1241} INFO - 
--------------------------------------------------------------------------------
[2021-11-01 03:58:00,785] {taskinstance.py:1242} INFO - Starting attempt 1 of 1
[2021-11-01 03:58:00,785] {taskinstance.py:1243} INFO - 
--------------------------------------------------------------------------------
[2021-11-01 03:58:00,799] {taskinstance.py:1262} INFO - Executing <Task(PythonOperator): results> on 2021-11-01 03:57:54.388055+00:00
[2021-11-01 03:58:00,804] {standard_task_runner.py:52} INFO - Started process 1466 to run task
[2021-11-01 03:58:00,806] {standard_task_runner.py:76} INFO - Running: ['***', 'tasks', 'run', 'my_dag', 'results', 'manual__2021-11-01T03:57:54.388055+00:00', '--job-id', '168', '--raw', '--subdir', 'DAGS_FOLDER/checkModel.py', '--cfg-path', '/tmp/tmpn200xck6', '--error-file', '/tmp/tmplxxpoqj1']
[2021-11-01 03:58:00,807] {standard_task_runner.py:77} INFO - Job 168: Subtask results
[2021-11-01 03:58:00,839] {logging_mixin.py:109} INFO - Running <TaskInstance: my_dag.results manual__2021-11-01T03:57:54.388055+00:00 [running]> on host e4a42aadf2ec
[2021-11-01 03:58:00,876] {taskinstance.py:1429} INFO - Exporting the following env vars:
AIRFLOW_CTX_DAG_OWNER=***
AIRFLOW_CTX_DAG_ID=my_dag
AIRFLOW_CTX_TASK_ID=results
AIRFLOW_CTX_EXECUTION_DATE=2021-11-01T03:57:54.388055+00:00
AIRFLOW_CTX_DAG_RUN_ID=manual__2021-11-01T03:57:54.388055+00:00
[2021-11-01 03:58:00,891] {logging_mixin.py:109} INFO -    PassengerId  Survive
0          892        0
1          893        0
2          894        0
3          895        0
4          896        1
[2021-11-01 03:58:00,891] {python.py:152} INFO - Done. Returned value was: None
[2021-11-01 03:58:00,900] {taskinstance.py:1280} INFO - Marking task as SUCCESS. dag_id=my_dag, task_id=results, execution_date=20211101T035754, start_date=20211101T035800, end_date=20211101T035800
[2021-11-01 03:58:00,938] {local_task_job.py:154} INFO - Task exited with return code 0
[2021-11-01 03:58:00,977] {local_task_job.py:264} INFO - 0 downstream tasks scheduled from follow-on schedule check
