[2021-11-01 02:29:47,258] {taskinstance.py:1035} INFO - Dependencies all met for <TaskInstance: my_dag.create_table_passengers manual__2021-11-01T02:29:45.171252+00:00 [queued]>
[2021-11-01 02:29:47,267] {taskinstance.py:1035} INFO - Dependencies all met for <TaskInstance: my_dag.create_table_passengers manual__2021-11-01T02:29:45.171252+00:00 [queued]>
[2021-11-01 02:29:47,267] {taskinstance.py:1241} INFO - 
--------------------------------------------------------------------------------
[2021-11-01 02:29:47,267] {taskinstance.py:1242} INFO - Starting attempt 1 of 1
[2021-11-01 02:29:47,267] {taskinstance.py:1243} INFO - 
--------------------------------------------------------------------------------
[2021-11-01 02:29:47,279] {taskinstance.py:1262} INFO - Executing <Task(PostgresOperator): create_table_passengers> on 2021-11-01 02:29:45.171252+00:00
[2021-11-01 02:29:47,283] {standard_task_runner.py:52} INFO - Started process 2735 to run task
[2021-11-01 02:29:47,285] {standard_task_runner.py:76} INFO - Running: ['***', 'tasks', 'run', 'my_dag', 'create_table_passengers', 'manual__2021-11-01T02:29:45.171252+00:00', '--job-id', '97', '--raw', '--subdir', 'DAGS_FOLDER/checkModel.py', '--cfg-path', '/tmp/tmpjken7rmi', '--error-file', '/tmp/tmphx63yuye']
[2021-11-01 02:29:47,286] {standard_task_runner.py:77} INFO - Job 97: Subtask create_table_passengers
[2021-11-01 02:29:47,314] {logging_mixin.py:109} INFO - Running <TaskInstance: my_dag.create_table_passengers manual__2021-11-01T02:29:45.171252+00:00 [running]> on host 93c37aa78767
[2021-11-01 02:29:47,350] {taskinstance.py:1429} INFO - Exporting the following env vars:
AIRFLOW_CTX_DAG_OWNER=***
AIRFLOW_CTX_DAG_ID=my_dag
AIRFLOW_CTX_TASK_ID=create_table_passengers
AIRFLOW_CTX_EXECUTION_DATE=2021-11-01T02:29:45.171252+00:00
AIRFLOW_CTX_DAG_RUN_ID=manual__2021-11-01T02:29:45.171252+00:00
[2021-11-01 02:29:47,356] {base.py:79} INFO - Using connection to: id: postgres_default. Host: 172.23.0.3, Port: 5432, Schema: ***, Login: ***, Password: ***, extra: {}
[2021-11-01 02:29:47,358] {dbapi.py:225} INFO - Running statement: CREATE TABLE  passengers (PassengerId int primary key, Name text, Sex text, Age float, Sibsp int, Parch int, Ticket text, Fare float, Cabin text, Embarked text);, parameters: None
[2021-11-01 02:29:47,399] {taskinstance.py:1280} INFO - Marking task as SUCCESS. dag_id=my_dag, task_id=create_table_passengers, execution_date=20211101T022945, start_date=20211101T022947, end_date=20211101T022947
[2021-11-01 02:29:47,457] {local_task_job.py:154} INFO - Task exited with return code 0
[2021-11-01 02:29:47,526] {local_task_job.py:264} INFO - 1 downstream tasks scheduled from follow-on schedule check
