[2021-10-30 20:55:56,504] {taskinstance.py:1035} INFO - Dependencies all met for <TaskInstance: my_dag.create_passenger_table manual__2021-10-30T20:55:54.629605+00:00 [queued]>
[2021-10-30 20:55:56,566] {taskinstance.py:1035} INFO - Dependencies all met for <TaskInstance: my_dag.create_passenger_table manual__2021-10-30T20:55:54.629605+00:00 [queued]>
[2021-10-30 20:55:56,566] {taskinstance.py:1241} INFO - 
--------------------------------------------------------------------------------
[2021-10-30 20:55:56,567] {taskinstance.py:1242} INFO - Starting attempt 1 of 1
[2021-10-30 20:55:56,567] {taskinstance.py:1243} INFO - 
--------------------------------------------------------------------------------
[2021-10-30 20:55:56,588] {taskinstance.py:1262} INFO - Executing <Task(PostgresOperator): create_passenger_table> on 2021-10-30 20:55:54.629605+00:00
[2021-10-30 20:55:56,601] {standard_task_runner.py:76} INFO - Running: ['***', 'tasks', 'run', 'my_dag', 'create_passenger_table', 'manual__2021-10-30T20:55:54.629605+00:00', '--job-id', '11', '--raw', '--subdir', 'DAGS_FOLDER/checkingmodel.py', '--cfg-path', '/tmp/tmpiikp3ojw', '--error-file', '/tmp/tmp2vcz8o3y']
[2021-10-30 20:55:56,602] {standard_task_runner.py:77} INFO - Job 11: Subtask create_passenger_table
[2021-10-30 20:55:56,594] {standard_task_runner.py:52} INFO - Started process 446 to run task
[2021-10-30 20:55:56,669] {logging_mixin.py:109} INFO - Running <TaskInstance: my_dag.create_passenger_table manual__2021-10-30T20:55:54.629605+00:00 [running]> on host ebed9469addd
[2021-10-30 20:55:56,751] {taskinstance.py:1414} INFO - Exporting the following env vars:
AIRFLOW_CTX_DAG_OWNER=***
AIRFLOW_CTX_DAG_ID=my_dag
AIRFLOW_CTX_TASK_ID=create_passenger_table
AIRFLOW_CTX_EXECUTION_DATE=2021-10-30T20:55:54.629605+00:00
AIRFLOW_CTX_DAG_RUN_ID=manual__2021-10-30T20:55:54.629605+00:00
[2021-10-30 20:55:56,766] {base.py:79} INFO - Using connection to: id: postgres_default. Host: 172.22.0.2, Port: 5432, Schema: , Login: ***, Password: ***, extra: {}
[2021-10-30 20:55:56,772] {dbapi.py:225} INFO - Running statement: 
                CREATE TABLE IF NOT EXISTS passengers (
                    PassengerId INT,
                    Pclass INT,
                    Name VARCHAR(100),
                    Sex  VARCHAR(20),
                    Age  FLOAT,
                    Sibsp INT,
                    Parch INT,
                    Ticket VARCHAR(20),
                    Fare FLOAT,
                    Cabin VARCHAR(10),
                    Embarked VARCHAR(10)
                    );
            , parameters: None
[2021-10-30 20:55:56,774] {postgres.py:71} INFO - NOTICE:  relation "passengers" already exists, skipping

[2021-10-30 20:55:56,794] {taskinstance.py:1280} INFO - Marking task as SUCCESS. dag_id=my_dag, task_id=create_passenger_table, execution_date=20211030T205554, start_date=20211030T205556, end_date=20211030T205556
[2021-10-30 20:55:56,857] {local_task_job.py:154} INFO - Task exited with return code 0
[2021-10-30 20:55:56,938] {local_task_job.py:264} INFO - 1 downstream tasks scheduled from follow-on schedule check
