[2021-11-01 03:55:03,361] {taskinstance.py:1035} INFO - Dependencies all met for <TaskInstance: my_dag.results manual__2021-11-01T03:54:57.151972+00:00 [queued]>
[2021-11-01 03:55:03,372] {taskinstance.py:1035} INFO - Dependencies all met for <TaskInstance: my_dag.results manual__2021-11-01T03:54:57.151972+00:00 [queued]>
[2021-11-01 03:55:03,372] {taskinstance.py:1241} INFO - 
--------------------------------------------------------------------------------
[2021-11-01 03:55:03,372] {taskinstance.py:1242} INFO - Starting attempt 1 of 1
[2021-11-01 03:55:03,372] {taskinstance.py:1243} INFO - 
--------------------------------------------------------------------------------
[2021-11-01 03:55:03,386] {taskinstance.py:1262} INFO - Executing <Task(PythonOperator): results> on 2021-11-01 03:54:57.151972+00:00
[2021-11-01 03:55:03,391] {standard_task_runner.py:52} INFO - Started process 1320 to run task
[2021-11-01 03:55:03,393] {standard_task_runner.py:76} INFO - Running: ['***', 'tasks', 'run', 'my_dag', 'results', 'manual__2021-11-01T03:54:57.151972+00:00', '--job-id', '163', '--raw', '--subdir', 'DAGS_FOLDER/checkModel.py', '--cfg-path', '/tmp/tmpxx5c06c9', '--error-file', '/tmp/tmp6z7gsqw6']
[2021-11-01 03:55:03,394] {standard_task_runner.py:77} INFO - Job 163: Subtask results
[2021-11-01 03:55:03,424] {logging_mixin.py:109} INFO - Running <TaskInstance: my_dag.results manual__2021-11-01T03:54:57.151972+00:00 [running]> on host e4a42aadf2ec
[2021-11-01 03:55:03,461] {taskinstance.py:1429} INFO - Exporting the following env vars:
AIRFLOW_CTX_DAG_OWNER=***
AIRFLOW_CTX_DAG_ID=my_dag
AIRFLOW_CTX_TASK_ID=results
AIRFLOW_CTX_EXECUTION_DATE=2021-11-01T03:54:57.151972+00:00
AIRFLOW_CTX_DAG_RUN_ID=manual__2021-11-01T03:54:57.151972+00:00
[2021-11-01 03:55:03,475] {logging_mixin.py:109} INFO -    PassengerId  Survive
0          892        0
1          893        0
2          894        0
3          895        0
4          896        1
[2021-11-01 03:55:03,476] {python.py:152} INFO - Done. Returned value was: None
[2021-11-01 03:55:03,485] {taskinstance.py:1280} INFO - Marking task as SUCCESS. dag_id=my_dag, task_id=results, execution_date=20211101T035457, start_date=20211101T035503, end_date=20211101T035503
[2021-11-01 03:55:03,525] {local_task_job.py:154} INFO - Task exited with return code 0
[2021-11-01 03:55:03,553] {local_task_job.py:264} INFO - 0 downstream tasks scheduled from follow-on schedule check
