[2021-10-30 20:29:03,948] {taskinstance.py:1035} INFO - Dependencies all met for <TaskInstance: my_dag.create_passenger_table manual__2021-10-30T20:29:02.093080+00:00 [queued]>
[2021-10-30 20:29:04,016] {taskinstance.py:1035} INFO - Dependencies all met for <TaskInstance: my_dag.create_passenger_table manual__2021-10-30T20:29:02.093080+00:00 [queued]>
[2021-10-30 20:29:04,016] {taskinstance.py:1241} INFO - 
--------------------------------------------------------------------------------
[2021-10-30 20:29:04,016] {taskinstance.py:1242} INFO - Starting attempt 1 of 1
[2021-10-30 20:29:04,016] {taskinstance.py:1243} INFO - 
--------------------------------------------------------------------------------
[2021-10-30 20:29:04,048] {taskinstance.py:1262} INFO - Executing <Task(PostgresOperator): create_passenger_table> on 2021-10-30 20:29:02.093080+00:00
[2021-10-30 20:29:04,061] {standard_task_runner.py:76} INFO - Running: ['***', 'tasks', 'run', 'my_dag', 'create_passenger_table', 'manual__2021-10-30T20:29:02.093080+00:00', '--job-id', '47', '--raw', '--subdir', 'DAGS_FOLDER/checkingmodel.py', '--cfg-path', '/tmp/tmpg3ytd_ul', '--error-file', '/tmp/tmpcjjtuevs']
[2021-10-30 20:29:04,062] {standard_task_runner.py:77} INFO - Job 47: Subtask create_passenger_table
[2021-10-30 20:29:04,056] {standard_task_runner.py:52} INFO - Started process 5663 to run task
[2021-10-30 20:29:04,137] {logging_mixin.py:109} INFO - Running <TaskInstance: my_dag.create_passenger_table manual__2021-10-30T20:29:02.093080+00:00 [running]> on host 54578bcb1e9c
[2021-10-30 20:29:04,231] {taskinstance.py:1414} INFO - Exporting the following env vars:
AIRFLOW_CTX_DAG_OWNER=***
AIRFLOW_CTX_DAG_ID=my_dag
AIRFLOW_CTX_TASK_ID=create_passenger_table
AIRFLOW_CTX_EXECUTION_DATE=2021-10-30T20:29:02.093080+00:00
AIRFLOW_CTX_DAG_RUN_ID=manual__2021-10-30T20:29:02.093080+00:00
[2021-10-30 20:29:04,247] {base.py:79} INFO - Using connection to: id: postgres_default. Host: 172.19.0.7, Port: 5432, Schema: , Login: ***, Password: ***, extra: {}
[2021-10-30 20:29:04,253] {dbapi.py:225} INFO - Running statement: 
                CREATE TABLE IF NOT EXISTS passengers (
                    PassengerId INT,
                    Pclass INT,
                    Name VARCHAR(100),
                    Sex  VARCHAR(20),
                    Age  FLOAT,
                    Sibsp INT,
                    Parch INT,
                    Ticket VARCHAR(20),
                    Fare FLOAT,
                    Cabin VARCHAR(10),
                    Embarked VARCHAR(10)
                    );
            , parameters: None
[2021-10-30 20:29:04,255] {postgres.py:71} INFO - NOTICE:  relation "passengers" already exists, skipping

[2021-10-30 20:29:04,277] {taskinstance.py:1280} INFO - Marking task as SUCCESS. dag_id=my_dag, task_id=create_passenger_table, execution_date=20211030T202902, start_date=20211030T202903, end_date=20211030T202904
[2021-10-30 20:29:04,322] {local_task_job.py:154} INFO - Task exited with return code 0
[2021-10-30 20:29:04,438] {local_task_job.py:264} INFO - 1 downstream tasks scheduled from follow-on schedule check
