[2021-11-01 03:38:59,086] {taskinstance.py:1035} INFO - Dependencies all met for <TaskInstance: my_dag.drop_table_passengers manual__2021-11-01T03:38:57.806843+00:00 [queued]>
[2021-11-01 03:38:59,095] {taskinstance.py:1035} INFO - Dependencies all met for <TaskInstance: my_dag.drop_table_passengers manual__2021-11-01T03:38:57.806843+00:00 [queued]>
[2021-11-01 03:38:59,095] {taskinstance.py:1241} INFO - 
--------------------------------------------------------------------------------
[2021-11-01 03:38:59,095] {taskinstance.py:1242} INFO - Starting attempt 1 of 1
[2021-11-01 03:38:59,095] {taskinstance.py:1243} INFO - 
--------------------------------------------------------------------------------
[2021-11-01 03:38:59,112] {taskinstance.py:1262} INFO - Executing <Task(PostgresOperator): drop_table_passengers> on 2021-11-01 03:38:57.806843+00:00
[2021-11-01 03:38:59,134] {standard_task_runner.py:52} INFO - Started process 495 to run task
[2021-11-01 03:38:59,138] {standard_task_runner.py:76} INFO - Running: ['***', 'tasks', 'run', 'my_dag', 'drop_table_passengers', 'manual__2021-11-01T03:38:57.806843+00:00', '--job-id', '139', '--raw', '--subdir', 'DAGS_FOLDER/checkModel.py', '--cfg-path', '/tmp/tmp94zcjxhu', '--error-file', '/tmp/tmpocoeong1']
[2021-11-01 03:38:59,138] {standard_task_runner.py:77} INFO - Job 139: Subtask drop_table_passengers
[2021-11-01 03:38:59,169] {logging_mixin.py:109} INFO - Running <TaskInstance: my_dag.drop_table_passengers manual__2021-11-01T03:38:57.806843+00:00 [running]> on host e4a42aadf2ec
[2021-11-01 03:38:59,209] {taskinstance.py:1429} INFO - Exporting the following env vars:
AIRFLOW_CTX_DAG_OWNER=***
AIRFLOW_CTX_DAG_ID=my_dag
AIRFLOW_CTX_TASK_ID=drop_table_passengers
AIRFLOW_CTX_EXECUTION_DATE=2021-11-01T03:38:57.806843+00:00
AIRFLOW_CTX_DAG_RUN_ID=manual__2021-11-01T03:38:57.806843+00:00
[2021-11-01 03:38:59,215] {base.py:79} INFO - Using connection to: id: postgres_default. Host: 172.23.0.3, Port: 5432, Schema: ***, Login: ***, Password: ***, extra: {}
[2021-11-01 03:38:59,218] {dbapi.py:225} INFO - Running statement: drop table if exists passengers;, parameters: None
[2021-11-01 03:38:59,231] {taskinstance.py:1280} INFO - Marking task as SUCCESS. dag_id=my_dag, task_id=drop_table_passengers, execution_date=20211101T033857, start_date=20211101T033859, end_date=20211101T033859
[2021-11-01 03:38:59,269] {local_task_job.py:154} INFO - Task exited with return code 0
[2021-11-01 03:38:59,305] {local_task_job.py:264} INFO - 1 downstream tasks scheduled from follow-on schedule check
