[2021-11-01 03:55:00,630] {taskinstance.py:1035} INFO - Dependencies all met for <TaskInstance: my_dag.drop_table_results manual__2021-11-01T03:54:57.151972+00:00 [queued]>
[2021-11-01 03:55:00,641] {taskinstance.py:1035} INFO - Dependencies all met for <TaskInstance: my_dag.drop_table_results manual__2021-11-01T03:54:57.151972+00:00 [queued]>
[2021-11-01 03:55:00,641] {taskinstance.py:1241} INFO - 
--------------------------------------------------------------------------------
[2021-11-01 03:55:00,641] {taskinstance.py:1242} INFO - Starting attempt 1 of 1
[2021-11-01 03:55:00,642] {taskinstance.py:1243} INFO - 
--------------------------------------------------------------------------------
[2021-11-01 03:55:00,654] {taskinstance.py:1262} INFO - Executing <Task(PostgresOperator): drop_table_results> on 2021-11-01 03:54:57.151972+00:00
[2021-11-01 03:55:00,658] {standard_task_runner.py:52} INFO - Started process 1293 to run task
[2021-11-01 03:55:00,661] {standard_task_runner.py:76} INFO - Running: ['***', 'tasks', 'run', 'my_dag', 'drop_table_results', 'manual__2021-11-01T03:54:57.151972+00:00', '--job-id', '161', '--raw', '--subdir', 'DAGS_FOLDER/checkModel.py', '--cfg-path', '/tmp/tmp8alog_m6', '--error-file', '/tmp/tmpo8kh_kby']
[2021-11-01 03:55:00,661] {standard_task_runner.py:77} INFO - Job 161: Subtask drop_table_results
[2021-11-01 03:55:00,692] {logging_mixin.py:109} INFO - Running <TaskInstance: my_dag.drop_table_results manual__2021-11-01T03:54:57.151972+00:00 [running]> on host e4a42aadf2ec
[2021-11-01 03:55:00,729] {taskinstance.py:1429} INFO - Exporting the following env vars:
AIRFLOW_CTX_DAG_OWNER=***
AIRFLOW_CTX_DAG_ID=my_dag
AIRFLOW_CTX_TASK_ID=drop_table_results
AIRFLOW_CTX_EXECUTION_DATE=2021-11-01T03:54:57.151972+00:00
AIRFLOW_CTX_DAG_RUN_ID=manual__2021-11-01T03:54:57.151972+00:00
[2021-11-01 03:55:00,736] {base.py:79} INFO - Using connection to: id: postgres_default. Host: 172.23.0.3, Port: 5432, Schema: ***, Login: ***, Password: ***, extra: {}
[2021-11-01 03:55:00,738] {dbapi.py:225} INFO - Running statement: drop table if exists results;, parameters: None
[2021-11-01 03:55:00,749] {taskinstance.py:1280} INFO - Marking task as SUCCESS. dag_id=my_dag, task_id=drop_table_results, execution_date=20211101T035457, start_date=20211101T035500, end_date=20211101T035500
[2021-11-01 03:55:00,792] {local_task_job.py:154} INFO - Task exited with return code 0
[2021-11-01 03:55:00,868] {local_task_job.py:264} INFO - 1 downstream tasks scheduled from follow-on schedule check
