[2021-11-01 02:00:32,086] {taskinstance.py:1035} INFO - Dependencies all met for <TaskInstance: my_dag.run_after_loop manual__2021-11-01T02:00:29.565882+00:00 [queued]>
[2021-11-01 02:00:32,126] {taskinstance.py:1035} INFO - Dependencies all met for <TaskInstance: my_dag.run_after_loop manual__2021-11-01T02:00:29.565882+00:00 [queued]>
[2021-11-01 02:00:32,126] {taskinstance.py:1241} INFO - 
--------------------------------------------------------------------------------
[2021-11-01 02:00:32,127] {taskinstance.py:1242} INFO - Starting attempt 1 of 1
[2021-11-01 02:00:32,127] {taskinstance.py:1243} INFO - 
--------------------------------------------------------------------------------
[2021-11-01 02:00:32,142] {taskinstance.py:1262} INFO - Executing <Task(BashOperator): run_after_loop> on 2021-11-01 02:00:29.565882+00:00
[2021-11-01 02:00:32,145] {standard_task_runner.py:52} INFO - Started process 1410 to run task
[2021-11-01 02:00:32,147] {standard_task_runner.py:76} INFO - Running: ['***', 'tasks', 'run', 'my_dag', 'run_after_loop', 'manual__2021-11-01T02:00:29.565882+00:00', '--job-id', '70', '--raw', '--subdir', 'DAGS_FOLDER/checkModel.py', '--cfg-path', '/tmp/tmpf84q4ajf', '--error-file', '/tmp/tmp7bjbp3s6']
[2021-11-01 02:00:32,148] {standard_task_runner.py:77} INFO - Job 70: Subtask run_after_loop
[2021-11-01 02:00:32,177] {logging_mixin.py:109} INFO - Running <TaskInstance: my_dag.run_after_loop manual__2021-11-01T02:00:29.565882+00:00 [running]> on host 93c37aa78767
[2021-11-01 02:00:32,212] {taskinstance.py:1429} INFO - Exporting the following env vars:
AIRFLOW_CTX_DAG_OWNER=***
AIRFLOW_CTX_DAG_ID=my_dag
AIRFLOW_CTX_TASK_ID=run_after_loop
AIRFLOW_CTX_EXECUTION_DATE=2021-11-01T02:00:29.565882+00:00
AIRFLOW_CTX_DAG_RUN_ID=manual__2021-11-01T02:00:29.565882+00:00
[2021-11-01 02:00:32,213] {subprocess.py:62} INFO - Tmp dir root location: 
 /tmp
[2021-11-01 02:00:32,213] {subprocess.py:74} INFO - Running command: ['bash', '-c', 'head /opt/***/mydata/test.csv']
[2021-11-01 02:00:32,222] {subprocess.py:85} INFO - Output:
[2021-11-01 02:00:32,224] {subprocess.py:89} INFO - PassengerId,Pclass,Name,Sex,Age,SibSp,Parch,Ticket,Fare,Cabin,Embarked
[2021-11-01 02:00:32,224] {subprocess.py:89} INFO - 892,3,"Kelly, Mr. James",male,34.5,0,0,330911,7.8292,,Q
[2021-11-01 02:00:32,224] {subprocess.py:89} INFO - 893,3,"Wilkes, Mrs. James (Ellen Needs)",female,47,1,0,363272,7,,S
[2021-11-01 02:00:32,224] {subprocess.py:89} INFO - 894,2,"Myles, Mr. Thomas Francis",male,62,0,0,240276,9.6875,,Q
[2021-11-01 02:00:32,224] {subprocess.py:89} INFO - 895,3,"Wirz, Mr. Albert",male,27,0,0,315154,8.6625,,S
[2021-11-01 02:00:32,224] {subprocess.py:89} INFO - 896,3,"Hirvonen, Mrs. Alexander (Helga E Lindqvist)",female,22,1,1,3101298,12.2875,,S
[2021-11-01 02:00:32,224] {subprocess.py:89} INFO - 897,3,"Svensson, Mr. Johan Cervin",male,14,0,0,7538,9.225,,S
[2021-11-01 02:00:32,224] {subprocess.py:89} INFO - 898,3,"Connolly, Miss. Kate",female,30,0,0,330972,7.6292,,Q
[2021-11-01 02:00:32,225] {subprocess.py:89} INFO - 899,2,"Caldwell, Mr. Albert Francis",male,26,1,1,248738,29,,S
[2021-11-01 02:00:32,225] {subprocess.py:89} INFO - 900,3,"Abrahim, Mrs. Joseph (Sophie Halaut Easu)",female,18,0,0,2657,7.2292,,C
[2021-11-01 02:00:32,225] {subprocess.py:93} INFO - Command exited with return code 0
[2021-11-01 02:00:32,243] {taskinstance.py:1280} INFO - Marking task as SUCCESS. dag_id=my_dag, task_id=run_after_loop, execution_date=20211101T020029, start_date=20211101T020032, end_date=20211101T020032
[2021-11-01 02:00:32,279] {local_task_job.py:154} INFO - Task exited with return code 0
[2021-11-01 02:00:32,300] {local_task_job.py:264} INFO - 0 downstream tasks scheduled from follow-on schedule check
